[ 2018-04-13T10:47:57+08:00 ] 127.0.0.1 /index.php/Admin/Login/login.html
INFO: [ app_init ] --START--
INFO: Run Behavior\BuildLiteBehavior [ RunTime:0.000006s ]
INFO: [ app_init ] --END-- [ RunTime:0.000164s ]
INFO: [ app_begin ] --START--
INFO: Run Behavior\ReadHtmlCacheBehavior [ RunTime:0.000268s ]
INFO: [ app_begin ] --END-- [ RunTime:0.000287s ]
SQL: SHOW COLUMNS FROM `qs_sqk_sys_config_def` [ RunTime:0.0007s ]
SQL: SELECT * FROM `qs_sqk_sys_config_def`  [ RunTime:0.0002s ]
INFO: [ view_parse ] --START--
INFO: [ template_filter ] --START--
INFO: Run Behavior\ContentReplaceBehavior [ RunTime:0.000047s ]
INFO: [ template_filter ] --END-- [ RunTime:0.000068s ]
INFO: Run Behavior\ParseTemplateBehavior [ RunTime:0.003376s ]
INFO: [ view_parse ] --END-- [ RunTime:0.003391s ]
INFO: [ view_filter ] --START--
INFO: Run Behavior\WriteHtmlCacheBehavior [ RunTime:0.000091s ]
INFO: [ view_filter ] --END-- [ RunTime:0.000100s ]
INFO: [ app_end ] --START--
INFO: Run Behavior\ShowPageTraceBehavior [ RunTime:0.000248s ]
INFO: [ app_end ] --END-- [ RunTime:0.000259s ]

[ 2018-04-13T10:47:57+08:00 ] 127.0.0.1 /index.php/Admin/login/verify_c.html
INFO: [ app_init ] --START--
INFO: Run Behavior\BuildLiteBehavior [ RunTime:0.000009s ]
INFO: [ app_init ] --END-- [ RunTime:0.000241s ]
INFO: [ app_begin ] --START--
INFO: Run Behavior\ReadHtmlCacheBehavior [ RunTime:0.000285s ]
INFO: [ app_begin ] --END-- [ RunTime:0.000302s ]
SQL: SHOW COLUMNS FROM `qs_sqk_sys_config_def` [ RunTime:0.0004s ]
SQL: SELECT * FROM `qs_sqk_sys_config_def`  [ RunTime:0.0001s ]
ERR: Call to undefined function Think\imagettftext()

[ 2018-04-13T10:47:57+08:00 ] 127.0.0.1 /index.php/admin/login/checkIsLogin
INFO: [ app_init ] --START--
INFO: Run Behavior\BuildLiteBehavior [ RunTime:0.000007s ]
INFO: [ app_init ] --END-- [ RunTime:0.000193s ]
INFO: [ app_begin ] --START--
INFO: Run Behavior\ReadHtmlCacheBehavior [ RunTime:0.000280s ]
INFO: [ app_begin ] --END-- [ RunTime:0.000296s ]
SQL: SHOW COLUMNS FROM `qs_sqk_sys_config_def` [ RunTime:0.0006s ]
SQL: SELECT * FROM `qs_sqk_sys_config_def`  [ RunTime:0.0002s ]
NOTIC: [8] Undefined variable: return /Users/zhangzhihui/wwwroot/qskj/sqk/Application/Admin/Controller/LoginController.class.php 第 71 行.

[ 2018-04-13T10:47:57+08:00 ] 127.0.0.1 /index.php/admin/SysPrivInfo/getPriviledges
INFO: [ app_init ] --START--
INFO: Run Behavior\BuildLiteBehavior [ RunTime:0.000006s ]
INFO: [ app_init ] --END-- [ RunTime:0.000180s ]
INFO: [ app_begin ] --START--
INFO: Run Behavior\ReadHtmlCacheBehavior [ RunTime:0.000202s ]
INFO: [ app_begin ] --END-- [ RunTime:0.000218s ]
SQL: SHOW COLUMNS FROM `qs_sqk_sys_config_def` [ RunTime:0.0006s ]
SQL: SELECT * FROM `qs_sqk_sys_config_def`  [ RunTime:0.0002s ]
SQL: SHOW COLUMNS FROM `qs_sqk_sys_priv_cat` [ RunTime:0.0004s ]
SQL: SHOW COLUMNS FROM `qs_sqk_sys_priv_info` [ RunTime:0.0003s ]
NOTIC: [8] Undefined index: user_id /Users/zhangzhihui/wwwroot/qskj/sqk/Application/Admin/Controller/SysPrivInfoController.class.php 第 108 行.
INFO: [ app_end ] --START--
INFO: Run Behavior\ShowPageTraceBehavior [ RunTime:0.000446s ]
INFO: [ app_end ] --END-- [ RunTime:0.000467s ]

[ 2018-04-13T10:57:31+08:00 ] 127.0.0.1 /index.php/Admin/Login/login.html
INFO: [ app_init ] --START--
INFO: Run Behavior\BuildLiteBehavior [ RunTime:0.000011s ]
INFO: [ app_init ] --END-- [ RunTime:0.000657s ]
INFO: [ app_begin ] --START--
INFO: Run Behavior\ReadHtmlCacheBehavior [ RunTime:0.000595s ]
INFO: [ app_begin ] --END-- [ RunTime:0.000621s ]
SQL: SHOW COLUMNS FROM `qs_sqk_sys_config_def` [ RunTime:0.0006s ]
SQL: SELECT * FROM `qs_sqk_sys_config_def`  [ RunTime:0.0002s ]
INFO: [ view_parse ] --START--
INFO: [ template_filter ] --START--
INFO: Run Behavior\ContentReplaceBehavior [ RunTime:0.000033s ]
INFO: [ template_filter ] --END-- [ RunTime:0.000049s ]
INFO: Run Behavior\ParseTemplateBehavior [ RunTime:0.004524s ]
INFO: [ view_parse ] --END-- [ RunTime:0.004538s ]
INFO: [ view_filter ] --START--
INFO: Run Behavior\WriteHtmlCacheBehavior [ RunTime:0.000293s ]
INFO: [ view_filter ] --END-- [ RunTime:0.000310s ]
INFO: [ app_end ] --START--
INFO: Run Behavior\ShowPageTraceBehavior [ RunTime:0.000692s ]
INFO: [ app_end ] --END-- [ RunTime:0.000713s ]

[ 2018-04-13T10:57:31+08:00 ] 127.0.0.1 /index.php/Admin/login/verify_c.html
INFO: [ app_init ] --START--
INFO: Run Behavior\BuildLiteBehavior [ RunTime:0.000006s ]
INFO: [ app_init ] --END-- [ RunTime:0.000179s ]
INFO: [ app_begin ] --START--
INFO: Run Behavior\ReadHtmlCacheBehavior [ RunTime:0.000214s ]
INFO: [ app_begin ] --END-- [ RunTime:0.000241s ]
SQL: SHOW COLUMNS FROM `qs_sqk_sys_config_def` [ RunTime:0.0004s ]
SQL: SELECT * FROM `qs_sqk_sys_config_def`  [ RunTime:0.0002s ]
ERR: Call to undefined function Think\imagettftext()

[ 2018-04-13T10:57:31+08:00 ] 127.0.0.1 /index.php/admin/login/checkIsLogin
INFO: [ app_init ] --START--
INFO: Run Behavior\BuildLiteBehavior [ RunTime:0.000008s ]
INFO: [ app_init ] --END-- [ RunTime:0.000364s ]
INFO: [ app_begin ] --START--
INFO: Run Behavior\ReadHtmlCacheBehavior [ RunTime:0.000258s ]
INFO: [ app_begin ] --END-- [ RunTime:0.000276s ]
SQL: SHOW COLUMNS FROM `qs_sqk_sys_config_def` [ RunTime:0.0005s ]
SQL: SELECT * FROM `qs_sqk_sys_config_def`  [ RunTime:0.0002s ]
NOTIC: [8] Undefined variable: return /Users/zhangzhihui/wwwroot/qskj/sqk/Application/Admin/Controller/LoginController.class.php 第 71 行.

[ 2018-04-13T10:57:31+08:00 ] 127.0.0.1 /index.php/admin/SysPrivInfo/getPriviledges
INFO: [ app_init ] --START--
INFO: Run Behavior\BuildLiteBehavior [ RunTime:0.000009s ]
INFO: [ app_init ] --END-- [ RunTime:0.000262s ]
INFO: [ app_begin ] --START--
INFO: Run Behavior\ReadHtmlCacheBehavior [ RunTime:0.000326s ]
INFO: [ app_begin ] --END-- [ RunTime:0.000346s ]
SQL: SHOW COLUMNS FROM `qs_sqk_sys_config_def` [ RunTime:0.0012s ]
SQL: SELECT * FROM `qs_sqk_sys_config_def`  [ RunTime:0.0004s ]
SQL: SHOW COLUMNS FROM `qs_sqk_sys_priv_cat` [ RunTime:0.0006s ]
SQL: SHOW COLUMNS FROM `qs_sqk_sys_priv_info` [ RunTime:0.0004s ]
NOTIC: [8] Undefined index: user_id /Users/zhangzhihui/wwwroot/qskj/sqk/Application/Admin/Controller/SysPrivInfoController.class.php 第 108 行.
INFO: [ app_end ] --START--
INFO: Run Behavior\ShowPageTraceBehavior [ RunTime:0.000420s ]
INFO: [ app_end ] --END-- [ RunTime:0.000438s ]

[ 2018-04-13T10:57:32+08:00 ] 127.0.0.1 /index.php/Admin/Login/login.html
INFO: [ app_init ] --START--
INFO: Run Behavior\BuildLiteBehavior [ RunTime:0.000005s ]
INFO: [ app_init ] --END-- [ RunTime:0.000139s ]
INFO: [ app_begin ] --START--
INFO: Run Behavior\ReadHtmlCacheBehavior [ RunTime:0.000176s ]
INFO: [ app_begin ] --END-- [ RunTime:0.000190s ]
SQL: SHOW COLUMNS FROM `qs_sqk_sys_config_def` [ RunTime:0.0004s ]
SQL: SELECT * FROM `qs_sqk_sys_config_def`  [ RunTime:0.0002s ]
INFO: [ view_parse ] --START--
INFO: [ template_filter ] --START--
INFO: Run Behavior\ContentReplaceBehavior [ RunTime:0.000036s ]
INFO: [ template_filter ] --END-- [ RunTime:0.000054s ]
INFO: Run Behavior\ParseTemplateBehavior [ RunTime:0.003335s ]
INFO: [ view_parse ] --END-- [ RunTime:0.003351s ]
INFO: [ view_filter ] --START--
INFO: Run Behavior\WriteHtmlCacheBehavior [ RunTime:0.000087s ]
INFO: [ view_filter ] --END-- [ RunTime:0.000097s ]
INFO: [ app_end ] --START--
INFO: Run Behavior\ShowPageTraceBehavior [ RunTime:0.000318s ]
INFO: [ app_end ] --END-- [ RunTime:0.000351s ]

[ 2018-04-13T10:57:32+08:00 ] 127.0.0.1 /index.php/Admin/login/verify_c.html
INFO: [ app_init ] --START--
INFO: Run Behavior\BuildLiteBehavior [ RunTime:0.000007s ]
INFO: [ app_init ] --END-- [ RunTime:0.000162s ]
INFO: [ app_begin ] --START--
INFO: Run Behavior\ReadHtmlCacheBehavior [ RunTime:0.000250s ]
INFO: [ app_begin ] --END-- [ RunTime:0.000267s ]
SQL: SHOW COLUMNS FROM `qs_sqk_sys_config_def` [ RunTime:0.0005s ]
SQL: SELECT * FROM `qs_sqk_sys_config_def`  [ RunTime:0.0002s ]
ERR: Call to undefined function Think\imagettftext()

[ 2018-04-13T10:57:32+08:00 ] 127.0.0.1 /index.php/admin/SysPrivInfo/getPriviledges
INFO: [ app_init ] --START--
INFO: Run Behavior\BuildLiteBehavior [ RunTime:0.000006s ]
INFO: [ app_init ] --END-- [ RunTime:0.000210s ]
INFO: [ app_begin ] --START--
INFO: Run Behavior\ReadHtmlCacheBehavior [ RunTime:0.000282s ]
INFO: [ app_begin ] --END-- [ RunTime:0.000300s ]
SQL: SHOW COLUMNS FROM `qs_sqk_sys_config_def` [ RunTime:0.0005s ]
SQL: SELECT * FROM `qs_sqk_sys_config_def`  [ RunTime:0.0002s ]
SQL: SHOW COLUMNS FROM `qs_sqk_sys_priv_cat` [ RunTime:0.0005s ]
SQL: SHOW COLUMNS FROM `qs_sqk_sys_priv_info` [ RunTime:0.0003s ]
NOTIC: [8] Undefined index: user_id /Users/zhangzhihui/wwwroot/qskj/sqk/Application/Admin/Controller/SysPrivInfoController.class.php 第 108 行.
INFO: [ app_end ] --START--
INFO: Run Behavior\ShowPageTraceBehavior [ RunTime:0.000346s ]
INFO: [ app_end ] --END-- [ RunTime:0.000364s ]

[ 2018-04-13T10:57:32+08:00 ] 127.0.0.1 /index.php/admin/login/checkIsLogin
INFO: [ app_init ] --START--
INFO: Run Behavior\BuildLiteBehavior [ RunTime:0.000006s ]
INFO: [ app_init ] --END-- [ RunTime:0.000191s ]
INFO: [ app_begin ] --START--
INFO: Run Behavior\ReadHtmlCacheBehavior [ RunTime:0.000270s ]
INFO: [ app_begin ] --END-- [ RunTime:0.000290s ]
SQL: SHOW COLUMNS FROM `qs_sqk_sys_config_def` [ RunTime:0.0016s ]
SQL: SELECT * FROM `qs_sqk_sys_config_def`  [ RunTime:0.0002s ]
NOTIC: [8] Undefined variable: return /Users/zhangzhihui/wwwroot/qskj/sqk/Application/Admin/Controller/LoginController.class.php 第 71 行.

[ 2018-04-13T10:57:34+08:00 ] 127.0.0.1 /index.php/Admin/Login/login.html
INFO: [ app_init ] --START--
INFO: Run Behavior\BuildLiteBehavior [ RunTime:0.000005s ]
INFO: [ app_init ] --END-- [ RunTime:0.000135s ]
INFO: [ app_begin ] --START--
INFO: Run Behavior\ReadHtmlCacheBehavior [ RunTime:0.000204s ]
INFO: [ app_begin ] --END-- [ RunTime:0.000269s ]
SQL: SHOW COLUMNS FROM `qs_sqk_sys_config_def` [ RunTime:0.0003s ]
SQL: SELECT * FROM `qs_sqk_sys_config_def`  [ RunTime:0.0002s ]
INFO: [ view_parse ] --START--
INFO: [ template_filter ] --START--
INFO: Run Behavior\ContentReplaceBehavior [ RunTime:0.000032s ]
INFO: [ template_filter ] --END-- [ RunTime:0.000066s ]
INFO: Run Behavior\ParseTemplateBehavior [ RunTime:0.004042s ]
INFO: [ view_parse ] --END-- [ RunTime:0.004068s ]
INFO: [ view_filter ] --START--
INFO: Run Behavior\WriteHtmlCacheBehavior [ RunTime:0.000183s ]
INFO: [ view_filter ] --END-- [ RunTime:0.000203s ]
INFO: [ app_end ] --START--
INFO: Run Behavior\ShowPageTraceBehavior [ RunTime:0.000274s ]
INFO: [ app_end ] --END-- [ RunTime:0.000287s ]

[ 2018-04-13T10:57:34+08:00 ] 127.0.0.1 /index.php/Admin/login/verify_c.html
INFO: [ app_init ] --START--
INFO: Run Behavior\BuildLiteBehavior [ RunTime:0.000006s ]
INFO: [ app_init ] --END-- [ RunTime:0.000137s ]
INFO: [ app_begin ] --START--
INFO: Run Behavior\ReadHtmlCacheBehavior [ RunTime:0.000178s ]
INFO: [ app_begin ] --END-- [ RunTime:0.000190s ]
SQL: SHOW COLUMNS FROM `qs_sqk_sys_config_def` [ RunTime:0.0004s ]
SQL: SELECT * FROM `qs_sqk_sys_config_def`  [ RunTime:0.0002s ]
ERR: Call to undefined function Think\imagettftext()

[ 2018-04-13T10:57:34+08:00 ] 127.0.0.1 /index.php/admin/SysPrivInfo/getPriviledges
INFO: [ app_init ] --START--
INFO: Run Behavior\BuildLiteBehavior [ RunTime:0.000005s ]
INFO: [ app_init ] --END-- [ RunTime:0.000138s ]
INFO: [ app_begin ] --START--
INFO: Run Behavior\ReadHtmlCacheBehavior [ RunTime:0.000287s ]
INFO: [ app_begin ] --END-- [ RunTime:0.000304s ]
SQL: SHOW COLUMNS FROM `qs_sqk_sys_config_def` [ RunTime:0.0004s ]
SQL: SELECT * FROM `qs_sqk_sys_config_def`  [ RunTime:0.0002s ]
SQL: SHOW COLUMNS FROM `qs_sqk_sys_priv_cat` [ RunTime:0.0004s ]
SQL: SHOW COLUMNS FROM `qs_sqk_sys_priv_info` [ RunTime:0.0004s ]
NOTIC: [8] Undefined index: user_id /Users/zhangzhihui/wwwroot/qskj/sqk/Application/Admin/Controller/SysPrivInfoController.class.php 第 108 行.
INFO: [ app_end ] --START--
INFO: Run Behavior\ShowPageTraceBehavior [ RunTime:0.000545s ]
INFO: [ app_end ] --END-- [ RunTime:0.000572s ]

[ 2018-04-13T10:57:34+08:00 ] 127.0.0.1 /index.php/admin/login/checkIsLogin
INFO: [ app_init ] --START--
INFO: Run Behavior\BuildLiteBehavior [ RunTime:0.000005s ]
INFO: [ app_init ] --END-- [ RunTime:0.000182s ]
INFO: [ app_begin ] --START--
INFO: Run Behavior\ReadHtmlCacheBehavior [ RunTime:0.000453s ]
INFO: [ app_begin ] --END-- [ RunTime:0.000473s ]
SQL: SHOW COLUMNS FROM `qs_sqk_sys_config_def` [ RunTime:0.0005s ]
SQL: SELECT * FROM `qs_sqk_sys_config_def`  [ RunTime:0.0002s ]
NOTIC: [8] Undefined variable: return /Users/zhangzhihui/wwwroot/qskj/sqk/Application/Admin/Controller/LoginController.class.php 第 71 行.

[ 2018-04-13T10:57:39+08:00 ] 127.0.0.1 /index.php/Admin/Login/login.html
INFO: [ app_init ] --START--
INFO: Run Behavior\BuildLiteBehavior [ RunTime:0.000016s ]
INFO: [ app_init ] --END-- [ RunTime:0.000340s ]
INFO: [ app_begin ] --START--
INFO: Run Behavior\ReadHtmlCacheBehavior [ RunTime:0.000349s ]
INFO: [ app_begin ] --END-- [ RunTime:0.000371s ]
SQL: SHOW COLUMNS FROM `qs_sqk_sys_config_def` [ RunTime:0.0006s ]
SQL: SELECT * FROM `qs_sqk_sys_config_def`  [ RunTime:0.0003s ]
INFO: [ view_parse ] --START--
INFO: [ template_filter ] --START--
INFO: Run Behavior\ContentReplaceBehavior [ RunTime:0.000031s ]
INFO: [ template_filter ] --END-- [ RunTime:0.000047s ]
INFO: Run Behavior\ParseTemplateBehavior [ RunTime:0.004297s ]
INFO: [ view_parse ] --END-- [ RunTime:0.004312s ]
INFO: [ view_filter ] --START--
INFO: Run Behavior\WriteHtmlCacheBehavior [ RunTime:0.000078s ]
INFO: [ view_filter ] --END-- [ RunTime:0.000087s ]
INFO: [ app_end ] --START--
INFO: Run Behavior\ShowPageTraceBehavior [ RunTime:0.000220s ]
INFO: [ app_end ] --END-- [ RunTime:0.000230s ]

[ 2018-04-13T10:57:39+08:00 ] 127.0.0.1 /index.php/Admin/login/verify_c.html
INFO: [ app_init ] --START--
INFO: Run Behavior\BuildLiteBehavior [ RunTime:0.000006s ]
INFO: [ app_init ] --END-- [ RunTime:0.000231s ]
INFO: [ app_begin ] --START--
INFO: Run Behavior\ReadHtmlCacheBehavior [ RunTime:0.000203s ]
INFO: [ app_begin ] --END-- [ RunTime:0.000219s ]
SQL: SHOW COLUMNS FROM `qs_sqk_sys_config_def` [ RunTime:0.0004s ]
SQL: SELECT * FROM `qs_sqk_sys_config_def`  [ RunTime:0.0004s ]
ERR: Call to undefined function Think\imagettftext()

[ 2018-04-13T10:57:39+08:00 ] 127.0.0.1 /index.php/admin/SysPrivInfo/getPriviledges
INFO: [ app_init ] --START--
INFO: Run Behavior\BuildLiteBehavior [ RunTime:0.000007s ]
INFO: [ app_init ] --END-- [ RunTime:0.000251s ]
INFO: [ app_begin ] --START--
INFO: Run Behavior\ReadHtmlCacheBehavior [ RunTime:0.000248s ]
INFO: [ app_begin ] --END-- [ RunTime:0.000291s ]
SQL: SHOW COLUMNS FROM `qs_sqk_sys_config_def` [ RunTime:0.0005s ]
SQL: SELECT * FROM `qs_sqk_sys_config_def`  [ RunTime:0.0003s ]
SQL: SHOW COLUMNS FROM `qs_sqk_sys_priv_cat` [ RunTime:0.0005s ]
SQL: SHOW COLUMNS FROM `qs_sqk_sys_priv_info` [ RunTime:0.0006s ]
NOTIC: [8] Undefined index: user_id /Users/zhangzhihui/wwwroot/qskj/sqk/Application/Admin/Controller/SysPrivInfoController.class.php 第 108 行.
INFO: [ app_end ] --START--
INFO: Run Behavior\ShowPageTraceBehavior [ RunTime:0.000379s ]
INFO: [ app_end ] --END-- [ RunTime:0.000404s ]

[ 2018-04-13T10:57:39+08:00 ] 127.0.0.1 /index.php/admin/login/checkIsLogin
INFO: [ app_init ] --START--
INFO: Run Behavior\BuildLiteBehavior [ RunTime:0.000007s ]
INFO: [ app_init ] --END-- [ RunTime:0.000201s ]
INFO: [ app_begin ] --START--
INFO: Run Behavior\ReadHtmlCacheBehavior [ RunTime:0.000287s ]
INFO: [ app_begin ] --END-- [ RunTime:0.000309s ]
SQL: SHOW COLUMNS FROM `qs_sqk_sys_config_def` [ RunTime:0.0004s ]
SQL: SELECT * FROM `qs_sqk_sys_config_def`  [ RunTime:0.0005s ]
NOTIC: [8] Undefined variable: return /Users/zhangzhihui/wwwroot/qskj/sqk/Application/Admin/Controller/LoginController.class.php 第 71 行.

[ 2018-04-13T10:57:40+08:00 ] 127.0.0.1 /index.php/Admin/Login/login.html
INFO: [ app_init ] --START--
INFO: Run Behavior\BuildLiteBehavior [ RunTime:0.000006s ]
INFO: [ app_init ] --END-- [ RunTime:0.000169s ]
INFO: [ app_begin ] --START--
INFO: Run Behavior\ReadHtmlCacheBehavior [ RunTime:0.000292s ]
INFO: [ app_begin ] --END-- [ RunTime:0.000310s ]
SQL: SHOW COLUMNS FROM `qs_sqk_sys_config_def` [ RunTime:0.0004s ]
SQL: SELECT * FROM `qs_sqk_sys_config_def`  [ RunTime:0.0002s ]
INFO: [ view_parse ] --START--
INFO: [ template_filter ] --START--
INFO: Run Behavior\ContentReplaceBehavior [ RunTime:0.000052s ]
INFO: [ template_filter ] --END-- [ RunTime:0.000077s ]
INFO: Run Behavior\ParseTemplateBehavior [ RunTime:0.003559s ]
INFO: [ view_parse ] --END-- [ RunTime:0.003573s ]
INFO: [ view_filter ] --START--
INFO: Run Behavior\WriteHtmlCacheBehavior [ RunTime:0.000076s ]
INFO: [ view_filter ] --END-- [ RunTime:0.000084s ]
INFO: [ app_end ] --START--
INFO: Run Behavior\ShowPageTraceBehavior [ RunTime:0.000217s ]
INFO: [ app_end ] --END-- [ RunTime:0.000226s ]

[ 2018-04-13T10:57:40+08:00 ] 127.0.0.1 /index.php/Admin/login/verify_c.html
INFO: [ app_init ] --START--
INFO: Run Behavior\BuildLiteBehavior [ RunTime:0.000005s ]
INFO: [ app_init ] --END-- [ RunTime:0.000136s ]
INFO: [ app_begin ] --START--
INFO: Run Behavior\ReadHtmlCacheBehavior [ RunTime:0.000175s ]
INFO: [ app_begin ] --END-- [ RunTime:0.000188s ]
SQL: SHOW COLUMNS FROM `qs_sqk_sys_config_def` [ RunTime:0.0004s ]
SQL: SELECT * FROM `qs_sqk_sys_config_def`  [ RunTime:0.0003s ]
ERR: Call to undefined function Think\imagettftext()

[ 2018-04-13T10:57:40+08:00 ] 127.0.0.1 /index.php/admin/SysPrivInfo/getPriviledges
INFO: [ app_init ] --START--
INFO: Run Behavior\BuildLiteBehavior [ RunTime:0.000006s ]
INFO: [ app_init ] --END-- [ RunTime:0.000229s ]
INFO: [ app_begin ] --START--
INFO: Run Behavior\ReadHtmlCacheBehavior [ RunTime:0.000582s ]
INFO: [ app_begin ] --END-- [ RunTime:0.000623s ]
SQL: SHOW COLUMNS FROM `qs_sqk_sys_config_def` [ RunTime:0.0010s ]
SQL: SELECT * FROM `qs_sqk_sys_config_def`  [ RunTime:0.0002s ]
SQL: SHOW COLUMNS FROM `qs_sqk_sys_priv_cat` [ RunTime:0.0007s ]
SQL: SHOW COLUMNS FROM `qs_sqk_sys_priv_info` [ RunTime:0.0006s ]
NOTIC: [8] Undefined index: user_id /Users/zhangzhihui/wwwroot/qskj/sqk/Application/Admin/Controller/SysPrivInfoController.class.php 第 108 行.
INFO: [ app_end ] --START--
INFO: Run Behavior\ShowPageTraceBehavior [ RunTime:0.000639s ]
INFO: [ app_end ] --END-- [ RunTime:0.000663s ]

[ 2018-04-13T10:57:40+08:00 ] 127.0.0.1 /index.php/admin/login/checkIsLogin
INFO: [ app_init ] --START--
INFO: Run Behavior\BuildLiteBehavior [ RunTime:0.000007s ]
INFO: [ app_init ] --END-- [ RunTime:0.000191s ]
INFO: [ app_begin ] --START--
INFO: Run Behavior\ReadHtmlCacheBehavior [ RunTime:0.003174s ]
INFO: [ app_begin ] --END-- [ RunTime:0.003213s ]
SQL: SHOW COLUMNS FROM `qs_sqk_sys_config_def` [ RunTime:0.0004s ]
SQL: SELECT * FROM `qs_sqk_sys_config_def`  [ RunTime:0.0003s ]
NOTIC: [8] Undefined variable: return /Users/zhangzhihui/wwwroot/qskj/sqk/Application/Admin/Controller/LoginController.class.php 第 71 行.

[ 2018-04-13T10:57:41+08:00 ] 127.0.0.1 /index.php/Admin/Login/login.html
INFO: [ app_init ] --START--
INFO: Run Behavior\BuildLiteBehavior [ RunTime:0.000005s ]
INFO: [ app_init ] --END-- [ RunTime:0.000153s ]
INFO: [ app_begin ] --START--
INFO: Run Behavior\ReadHtmlCacheBehavior [ RunTime:0.000197s ]
INFO: [ app_begin ] --END-- [ RunTime:0.000212s ]
SQL: SHOW COLUMNS FROM `qs_sqk_sys_config_def` [ RunTime:0.0004s ]
SQL: SELECT * FROM `qs_sqk_sys_config_def`  [ RunTime:0.0002s ]
INFO: [ view_parse ] --START--
INFO: [ template_filter ] --START--
INFO: Run Behavior\ContentReplaceBehavior [ RunTime:0.000035s ]
INFO: [ template_filter ] --END-- [ RunTime:0.000069s ]
INFO: Run Behavior\ParseTemplateBehavior [ RunTime:0.003867s ]
INFO: [ view_parse ] --END-- [ RunTime:0.003882s ]
INFO: [ view_filter ] --START--
INFO: Run Behavior\WriteHtmlCacheBehavior [ RunTime:0.000088s ]
INFO: [ view_filter ] --END-- [ RunTime:0.000098s ]
INFO: [ app_end ] --START--
INFO: Run Behavior\ShowPageTraceBehavior [ RunTime:0.000332s ]
INFO: [ app_end ] --END-- [ RunTime:0.000364s ]

[ 2018-04-13T10:57:41+08:00 ] 127.0.0.1 /index.php/Admin/login/verify_c.html
INFO: [ app_init ] --START--
INFO: Run Behavior\BuildLiteBehavior [ RunTime:0.000006s ]
INFO: [ app_init ] --END-- [ RunTime:0.000159s ]
INFO: [ app_begin ] --START--
INFO: Run Behavior\ReadHtmlCacheBehavior [ RunTime:0.000203s ]
INFO: [ app_begin ] --END-- [ RunTime:0.000218s ]
SQL: SHOW COLUMNS FROM `qs_sqk_sys_config_def` [ RunTime:0.0004s ]
SQL: SELECT * FROM `qs_sqk_sys_config_def`  [ RunTime:0.0002s ]
ERR: Call to undefined function Think\imagettftext()

[ 2018-04-13T10:57:41+08:00 ] 127.0.0.1 /index.php/admin/login/checkIsLogin
INFO: [ app_init ] --START--
INFO: Run Behavior\BuildLiteBehavior [ RunTime:0.000006s ]
INFO: [ app_init ] --END-- [ RunTime:0.000250s ]
INFO: [ app_begin ] --START--
INFO: Run Behavior\ReadHtmlCacheBehavior [ RunTime:0.000984s ]
INFO: [ app_begin ] --END-- [ RunTime:0.001009s ]
SQL: SHOW COLUMNS FROM `qs_sqk_sys_config_def` [ RunTime:0.0011s ]
SQL: SELECT * FROM `qs_sqk_sys_config_def`  [ RunTime:0.0002s ]
NOTIC: [8] Undefined variable: return /Users/zhangzhihui/wwwroot/qskj/sqk/Application/Admin/Controller/LoginController.class.php 第 71 行.

[ 2018-04-13T10:57:42+08:00 ] 127.0.0.1 /index.php/admin/SysPrivInfo/getPriviledges
INFO: [ app_init ] --START--
INFO: Run Behavior\BuildLiteBehavior [ RunTime:0.000008s ]
INFO: [ app_init ] --END-- [ RunTime:0.000494s ]
INFO: [ app_begin ] --START--
INFO: Run Behavior\ReadHtmlCacheBehavior [ RunTime:0.002727s ]
INFO: [ app_begin ] --END-- [ RunTime:0.002780s ]
SQL: SHOW COLUMNS FROM `qs_sqk_sys_config_def` [ RunTime:0.0004s ]
SQL: SELECT * FROM `qs_sqk_sys_config_def`  [ RunTime:0.0002s ]
SQL: SHOW COLUMNS FROM `qs_sqk_sys_priv_cat` [ RunTime:0.0005s ]
SQL: SHOW COLUMNS FROM `qs_sqk_sys_priv_info` [ RunTime:0.0005s ]
NOTIC: [8] Undefined index: user_id /Users/zhangzhihui/wwwroot/qskj/sqk/Application/Admin/Controller/SysPrivInfoController.class.php 第 108 行.
INFO: [ app_end ] --START--
INFO: Run Behavior\ShowPageTraceBehavior [ RunTime:0.000250s ]
INFO: [ app_end ] --END-- [ RunTime:0.000262s ]

[ 2018-04-13T10:57:43+08:00 ] 127.0.0.1 /index.php/Admin/Login/login.html
INFO: [ app_init ] --START--
INFO: Run Behavior\BuildLiteBehavior [ RunTime:0.000005s ]
INFO: [ app_init ] --END-- [ RunTime:0.000149s ]
INFO: [ app_begin ] --START--
INFO: Run Behavior\ReadHtmlCacheBehavior [ RunTime:0.000237s ]
INFO: [ app_begin ] --END-- [ RunTime:0.000256s ]
SQL: SHOW COLUMNS FROM `qs_sqk_sys_config_def` [ RunTime:0.0004s ]
SQL: SELECT * FROM `qs_sqk_sys_config_def`  [ RunTime:0.0002s ]
INFO: [ view_parse ] --START--
INFO: [ template_filter ] --START--
INFO: Run Behavior\ContentReplaceBehavior [ RunTime:0.000041s ]
INFO: [ template_filter ] --END-- [ RunTime:0.000074s ]
INFO: Run Behavior\ParseTemplateBehavior [ RunTime:0.004334s ]
INFO: [ view_parse ] --END-- [ RunTime:0.004352s ]
INFO: [ view_filter ] --START--
INFO: Run Behavior\WriteHtmlCacheBehavior [ RunTime:0.000084s ]
INFO: [ view_filter ] --END-- [ RunTime:0.000094s ]
INFO: [ app_end ] --START--
INFO: Run Behavior\ShowPageTraceBehavior [ RunTime:0.000250s ]
INFO: [ app_end ] --END-- [ RunTime:0.000262s ]

[ 2018-04-13T10:57:43+08:00 ] 127.0.0.1 /index.php/Admin/login/verify_c.html
INFO: [ app_init ] --START--
INFO: Run Behavior\BuildLiteBehavior [ RunTime:0.000007s ]
INFO: [ app_init ] --END-- [ RunTime:0.000185s ]
INFO: [ app_begin ] --START--
INFO: Run Behavior\ReadHtmlCacheBehavior [ RunTime:0.000195s ]
INFO: [ app_begin ] --END-- [ RunTime:0.000209s ]
SQL: SHOW COLUMNS FROM `qs_sqk_sys_config_def` [ RunTime:0.0003s ]
SQL: SELECT * FROM `qs_sqk_sys_config_def`  [ RunTime:0.0002s ]
ERR: Call to undefined function Think\imagettftext()

[ 2018-04-13T10:57:43+08:00 ] 127.0.0.1 /index.php/admin/login/checkIsLogin
INFO: [ app_init ] --START--
INFO: Run Behavior\BuildLiteBehavior [ RunTime:0.000007s ]
INFO: [ app_init ] --END-- [ RunTime:0.000194s ]
INFO: [ app_begin ] --START--
INFO: Run Behavior\ReadHtmlCacheBehavior [ RunTime:0.000273s ]
INFO: [ app_begin ] --END-- [ RunTime:0.000290s ]
SQL: SHOW COLUMNS FROM `qs_sqk_sys_config_def` [ RunTime:0.0005s ]
SQL: SELECT * FROM `qs_sqk_sys_config_def`  [ RunTime:0.0002s ]
NOTIC: [8] Undefined variable: return /Users/zhangzhihui/wwwroot/qskj/sqk/Application/Admin/Controller/LoginController.class.php 第 71 行.

[ 2018-04-13T10:57:43+08:00 ] 127.0.0.1 /index.php/admin/SysPrivInfo/getPriviledges
INFO: [ app_init ] --START--
INFO: Run Behavior\BuildLiteBehavior [ RunTime:0.000005s ]
INFO: [ app_init ] --END-- [ RunTime:0.000182s ]
INFO: [ app_begin ] --START--
INFO: Run Behavior\ReadHtmlCacheBehavior [ RunTime:0.000549s ]
INFO: [ app_begin ] --END-- [ RunTime:0.000573s ]
SQL: SHOW COLUMNS FROM `qs_sqk_sys_config_def` [ RunTime:0.0005s ]
SQL: SELECT * FROM `qs_sqk_sys_config_def`  [ RunTime:0.0018s ]
SQL: SHOW COLUMNS FROM `qs_sqk_sys_priv_cat` [ RunTime:0.0009s ]
SQL: SHOW COLUMNS FROM `qs_sqk_sys_priv_info` [ RunTime:0.0005s ]
NOTIC: [8] Undefined index: user_id /Users/zhangzhihui/wwwroot/qskj/sqk/Application/Admin/Controller/SysPrivInfoController.class.php 第 108 行.
INFO: [ app_end ] --START--
INFO: Run Behavior\ShowPageTraceBehavior [ RunTime:0.000629s ]
INFO: [ app_end ] --END-- [ RunTime:0.000654s ]

[ 2018-04-13T10:58:18+08:00 ] 127.0.0.1 /index.php/Admin/Login/login.html
INFO: [ app_init ] --START--
INFO: Run Behavior\BuildLiteBehavior [ RunTime:0.000007s ]
INFO: [ app_init ] --END-- [ RunTime:0.000186s ]
INFO: [ app_begin ] --START--
INFO: Run Behavior\ReadHtmlCacheBehavior [ RunTime:0.000195s ]
INFO: [ app_begin ] --END-- [ RunTime:0.000209s ]
SQL: SHOW COLUMNS FROM `qs_sqk_sys_config_def` [ RunTime:0.0004s ]
SQL: SELECT * FROM `qs_sqk_sys_config_def`  [ RunTime:0.0002s ]
INFO: [ view_parse ] --START--
INFO: [ template_filter ] --START--
INFO: Run Behavior\ContentReplaceBehavior [ RunTime:0.000030s ]
INFO: [ template_filter ] --END-- [ RunTime:0.000045s ]
INFO: Run Behavior\ParseTemplateBehavior [ RunTime:0.003404s ]
INFO: [ view_parse ] --END-- [ RunTime:0.003419s ]
INFO: [ view_filter ] --START--
INFO: Run Behavior\WriteHtmlCacheBehavior [ RunTime:0.000081s ]
INFO: [ view_filter ] --END-- [ RunTime:0.000091s ]
INFO: [ app_end ] --START--
INFO: Run Behavior\ShowPageTraceBehavior [ RunTime:0.000241s ]
INFO: [ app_end ] --END-- [ RunTime:0.000252s ]

[ 2018-04-13T10:58:18+08:00 ] 127.0.0.1 /index.php/Admin/login/verify_c.html
INFO: [ app_init ] --START--
INFO: Run Behavior\BuildLiteBehavior [ RunTime:0.000005s ]
INFO: [ app_init ] --END-- [ RunTime:0.000149s ]
INFO: [ app_begin ] --START--
INFO: Run Behavior\ReadHtmlCacheBehavior [ RunTime:0.000195s ]
INFO: [ app_begin ] --END-- [ RunTime:0.000209s ]
SQL: SHOW COLUMNS FROM `qs_sqk_sys_config_def` [ RunTime:0.0004s ]
SQL: SELECT * FROM `qs_sqk_sys_config_def`  [ RunTime:0.0002s ]
ERR: Call to undefined function Think\imagettftext()

[ 2018-04-13T10:58:18+08:00 ] 127.0.0.1 /index.php/admin/login/checkIsLogin
INFO: [ app_init ] --START--
INFO: Run Behavior\BuildLiteBehavior [ RunTime:0.000008s ]
INFO: [ app_init ] --END-- [ RunTime:0.000238s ]
INFO: [ app_begin ] --START--
INFO: Run Behavior\ReadHtmlCacheBehavior [ RunTime:0.000203s ]
INFO: [ app_begin ] --END-- [ RunTime:0.000219s ]
SQL: SHOW COLUMNS FROM `qs_sqk_sys_config_def` [ RunTime:0.0006s ]
SQL: SELECT * FROM `qs_sqk_sys_config_def`  [ RunTime:0.0003s ]
NOTIC: [8] Undefined variable: return /Users/zhangzhihui/wwwroot/qskj/sqk/Application/Admin/Controller/LoginController.class.php 第 71 行.

[ 2018-04-13T10:58:19+08:00 ] 127.0.0.1 /index.php/admin/SysPrivInfo/getPriviledges
INFO: [ app_init ] --START--
INFO: Run Behavior\BuildLiteBehavior [ RunTime:0.000007s ]
INFO: [ app_init ] --END-- [ RunTime:0.000188s ]
INFO: [ app_begin ] --START--
INFO: Run Behavior\ReadHtmlCacheBehavior [ RunTime:0.000204s ]
INFO: [ app_begin ] --END-- [ RunTime:0.000219s ]
SQL: SHOW COLUMNS FROM `qs_sqk_sys_config_def` [ RunTime:0.0004s ]
SQL: SELECT * FROM `qs_sqk_sys_config_def`  [ RunTime:0.0001s ]
SQL: SHOW COLUMNS FROM `qs_sqk_sys_priv_cat` [ RunTime:0.0003s ]
SQL: SHOW COLUMNS FROM `qs_sqk_sys_priv_info` [ RunTime:0.0003s ]
NOTIC: [8] Undefined index: user_id /Users/zhangzhihui/wwwroot/qskj/sqk/Application/Admin/Controller/SysPrivInfoController.class.php 第 108 行.
INFO: [ app_end ] --START--
INFO: Run Behavior\ShowPageTraceBehavior [ RunTime:0.000228s ]
INFO: [ app_end ] --END-- [ RunTime:0.000240s ]

[ 2018-04-13T10:58:20+08:00 ] 127.0.0.1 /index.php/Admin/Login/login.html
INFO: [ app_init ] --START--
INFO: Run Behavior\BuildLiteBehavior [ RunTime:0.000007s ]
INFO: [ app_init ] --END-- [ RunTime:0.000262s ]
INFO: [ app_begin ] --START--
INFO: Run Behavior\ReadHtmlCacheBehavior [ RunTime:0.000334s ]
INFO: [ app_begin ] --END-- [ RunTime:0.000354s ]
SQL: SHOW COLUMNS FROM `qs_sqk_sys_config_def` [ RunTime:0.0004s ]
SQL: SELECT * FROM `qs_sqk_sys_config_def`  [ RunTime:0.0002s ]
INFO: [ view_parse ] --START--
INFO: [ template_filter ] --START--
INFO: Run Behavior\ContentReplaceBehavior [ RunTime:0.000034s ]
INFO: [ template_filter ] --END-- [ RunTime:0.000049s ]
INFO: Run Behavior\ParseTemplateBehavior [ RunTime:0.003148s ]
INFO: [ view_parse ] --END-- [ RunTime:0.003163s ]
INFO: [ view_filter ] --START--
INFO: Run Behavior\WriteHtmlCacheBehavior [ RunTime:0.000082s ]
INFO: [ view_filter ] --END-- [ RunTime:0.000093s ]
INFO: [ app_end ] --START--
INFO: Run Behavior\ShowPageTraceBehavior [ RunTime:0.000235s ]
INFO: [ app_end ] --END-- [ RunTime:0.000246s ]

[ 2018-04-13T10:58:20+08:00 ] 127.0.0.1 /index.php/Admin/login/verify_c.html
INFO: [ app_init ] --START--
INFO: Run Behavior\BuildLiteBehavior [ RunTime:0.000016s ]
INFO: [ app_init ] --END-- [ RunTime:0.000211s ]
INFO: [ app_begin ] --START--
INFO: Run Behavior\ReadHtmlCacheBehavior [ RunTime:0.000185s ]
INFO: [ app_begin ] --END-- [ RunTime:0.000199s ]
SQL: SHOW COLUMNS FROM `qs_sqk_sys_config_def` [ RunTime:0.0004s ]
SQL: SELECT * FROM `qs_sqk_sys_config_def`  [ RunTime:0.0002s ]
ERR: Call to undefined function Think\imagettftext()

[ 2018-04-13T10:58:20+08:00 ] 127.0.0.1 /index.php/admin/login/checkIsLogin
INFO: [ app_init ] --START--
INFO: Run Behavior\BuildLiteBehavior [ RunTime:0.000007s ]
INFO: [ app_init ] --END-- [ RunTime:0.000285s ]
INFO: [ app_begin ] --START--
INFO: Run Behavior\ReadHtmlCacheBehavior [ RunTime:0.000290s ]
INFO: [ app_begin ] --END-- [ RunTime:0.000311s ]
SQL: SHOW COLUMNS FROM `qs_sqk_sys_config_def` [ RunTime:0.0004s ]
SQL: SELECT * FROM `qs_sqk_sys_config_def`  [ RunTime:0.0002s ]
NOTIC: [8] Undefined variable: return /Users/zhangzhihui/wwwroot/qskj/sqk/Application/Admin/Controller/LoginController.class.php 第 71 行.

[ 2018-04-13T10:58:20+08:00 ] 127.0.0.1 /index.php/admin/SysPrivInfo/getPriviledges
INFO: [ app_init ] --START--
INFO: Run Behavior\BuildLiteBehavior [ RunTime:0.000008s ]
INFO: [ app_init ] --END-- [ RunTime:0.000195s ]
INFO: [ app_begin ] --START--
INFO: Run Behavior\ReadHtmlCacheBehavior [ RunTime:0.000213s ]
INFO: [ app_begin ] --END-- [ RunTime:0.000229s ]
SQL: SHOW COLUMNS FROM `qs_sqk_sys_config_def` [ RunTime:0.0006s ]
SQL: SELECT * FROM `qs_sqk_sys_config_def`  [ RunTime:0.0003s ]
SQL: SHOW COLUMNS FROM `qs_sqk_sys_priv_cat` [ RunTime:0.0004s ]
SQL: SHOW COLUMNS FROM `qs_sqk_sys_priv_info` [ RunTime:0.0003s ]
NOTIC: [8] Undefined index: user_id /Users/zhangzhihui/wwwroot/qskj/sqk/Application/Admin/Controller/SysPrivInfoController.class.php 第 108 行.
INFO: [ app_end ] --START--
INFO: Run Behavior\ShowPageTraceBehavior [ RunTime:0.000259s ]
INFO: [ app_end ] --END-- [ RunTime:0.000272s ]

[ 2018-04-13T10:58:26+08:00 ] 127.0.0.1 /index.php/Admin/login/verify_c.html
INFO: [ app_init ] --START--
INFO: Run Behavior\BuildLiteBehavior [ RunTime:0.000008s ]
INFO: [ app_init ] --END-- [ RunTime:0.000288s ]
INFO: [ app_begin ] --START--
INFO: Run Behavior\ReadHtmlCacheBehavior [ RunTime:0.000414s ]
INFO: [ app_begin ] --END-- [ RunTime:0.000441s ]
SQL: SHOW COLUMNS FROM `qs_sqk_sys_config_def` [ RunTime:0.0004s ]
SQL: SELECT * FROM `qs_sqk_sys_config_def`  [ RunTime:0.0002s ]
ERR: Call to undefined function Think\imagettftext()

[ 2018-04-13T11:13:13+08:00 ] 127.0.0.1 /index.php/Admin/login/verify_c.html
INFO: [ app_init ] --START--
INFO: Run Behavior\BuildLiteBehavior [ RunTime:0.000010s ]
INFO: [ app_init ] --END-- [ RunTime:0.000661s ]
INFO: [ app_begin ] --START--
INFO: Run Behavior\ReadHtmlCacheBehavior [ RunTime:0.000664s ]
INFO: [ app_begin ] --END-- [ RunTime:0.000690s ]
SQL: SHOW COLUMNS FROM `qs_sqk_sys_config_def` [ RunTime:0.0004s ]
SQL: SELECT * FROM `qs_sqk_sys_config_def`  [ RunTime:0.0002s ]
ERR: Call to undefined function Think\imagettftext()

[ 2018-04-13T11:13:15+08:00 ] 127.0.0.1 /index.php/Admin/login/verify_c.html
INFO: [ app_init ] --START--
INFO: Run Behavior\BuildLiteBehavior [ RunTime:0.000005s ]
INFO: [ app_init ] --END-- [ RunTime:0.000136s ]
INFO: [ app_begin ] --START--
INFO: Run Behavior\ReadHtmlCacheBehavior [ RunTime:0.000250s ]
INFO: [ app_begin ] --END-- [ RunTime:0.000266s ]
SQL: SHOW COLUMNS FROM `qs_sqk_sys_config_def` [ RunTime:0.0004s ]
SQL: SELECT * FROM `qs_sqk_sys_config_def`  [ RunTime:0.0004s ]
ERR: Call to undefined function Think\imagettftext()

[ 2018-04-13T11:13:16+08:00 ] 127.0.0.1 /index.php/Admin/login/verify_c.html
INFO: [ app_init ] --START--
INFO: Run Behavior\BuildLiteBehavior [ RunTime:0.000007s ]
INFO: [ app_init ] --END-- [ RunTime:0.000174s ]
INFO: [ app_begin ] --START--
INFO: Run Behavior\ReadHtmlCacheBehavior [ RunTime:0.000329s ]
INFO: [ app_begin ] --END-- [ RunTime:0.000351s ]
SQL: SHOW COLUMNS FROM `qs_sqk_sys_config_def` [ RunTime:0.0003s ]
SQL: SELECT * FROM `qs_sqk_sys_config_def`  [ RunTime:0.0002s ]
ERR: Call to undefined function Think\imagettftext()

[ 2018-04-13T11:17:55+08:00 ] 127.0.0.1 /index.php/Admin/login/verify_c.html
INFO: [ app_init ] --START--
INFO: Run Behavior\BuildLiteBehavior [ RunTime:0.000008s ]
INFO: [ app_init ] --END-- [ RunTime:0.000313s ]
INFO: [ app_begin ] --START--
INFO: Run Behavior\ReadHtmlCacheBehavior [ RunTime:0.000222s ]
INFO: [ app_begin ] --END-- [ RunTime:0.000238s ]
SQL: SHOW COLUMNS FROM `qs_sqk_sys_config_def` [ RunTime:0.0004s ]
SQL: SELECT * FROM `qs_sqk_sys_config_def`  [ RunTime:0.0002s ]
ERR: Call to undefined function Think\imagettftext()

[ 2018-04-13T11:17:56+08:00 ] 127.0.0.1 /index.php/Admin/login/verify_c.html
INFO: [ app_init ] --START--
INFO: Run Behavior\BuildLiteBehavior [ RunTime:0.000006s ]
INFO: [ app_init ] --END-- [ RunTime:0.000156s ]
INFO: [ app_begin ] --START--
INFO: Run Behavior\ReadHtmlCacheBehavior [ RunTime:0.000231s ]
INFO: [ app_begin ] --END-- [ RunTime:0.000248s ]
SQL: SHOW COLUMNS FROM `qs_sqk_sys_config_def` [ RunTime:0.0004s ]
SQL: SELECT * FROM `qs_sqk_sys_config_def`  [ RunTime:0.0001s ]
ERR: Call to undefined function Think\imagettftext()

[ 2018-04-13T11:17:58+08:00 ] 127.0.0.1 /index.php/Admin/login/verify_c.html
INFO: [ app_init ] --START--
INFO: Run Behavior\BuildLiteBehavior [ RunTime:0.000007s ]
INFO: [ app_init ] --END-- [ RunTime:0.000311s ]
INFO: [ app_begin ] --START--
INFO: Run Behavior\ReadHtmlCacheBehavior [ RunTime:0.000228s ]
INFO: [ app_begin ] --END-- [ RunTime:0.000248s ]
SQL: SHOW COLUMNS FROM `qs_sqk_sys_config_def` [ RunTime:0.0005s ]
SQL: SELECT * FROM `qs_sqk_sys_config_def`  [ RunTime:0.0003s ]
ERR: Call to undefined function Think\imagettftext()

[ 2018-04-13T11:18:00+08:00 ] 127.0.0.1 /index.php/Admin/login/verify_c.html
INFO: [ app_init ] --START--
INFO: Run Behavior\BuildLiteBehavior [ RunTime:0.000006s ]
INFO: [ app_init ] --END-- [ RunTime:0.000152s ]
INFO: [ app_begin ] --START--
INFO: Run Behavior\ReadHtmlCacheBehavior [ RunTime:0.000231s ]
INFO: [ app_begin ] --END-- [ RunTime:0.000247s ]
SQL: SHOW COLUMNS FROM `qs_sqk_sys_config_def` [ RunTime:0.0004s ]
SQL: SELECT * FROM `qs_sqk_sys_config_def`  [ RunTime:0.0002s ]
ERR: Call to undefined function Think\imagettftext()

[ 2018-04-13T11:18:01+08:00 ] 127.0.0.1 /index.php/Admin/login/verify_c.html
INFO: [ app_init ] --START--
INFO: Run Behavior\BuildLiteBehavior [ RunTime:0.000004s ]
INFO: [ app_init ] --END-- [ RunTime:0.000129s ]
INFO: [ app_begin ] --START--
INFO: Run Behavior\ReadHtmlCacheBehavior [ RunTime:0.000169s ]
INFO: [ app_begin ] --END-- [ RunTime:0.000182s ]
SQL: SHOW COLUMNS FROM `qs_sqk_sys_config_def` [ RunTime:0.0006s ]
SQL: SELECT * FROM `qs_sqk_sys_config_def`  [ RunTime:0.0003s ]
ERR: Call to undefined function Think\imagettftext()

[ 2018-04-13T11:18:02+08:00 ] 127.0.0.1 /index.php/Admin/login/verify_c.html
INFO: [ app_init ] --START--
INFO: Run Behavior\BuildLiteBehavior [ RunTime:0.000005s ]
INFO: [ app_init ] --END-- [ RunTime:0.000137s ]
INFO: [ app_begin ] --START--
INFO: Run Behavior\ReadHtmlCacheBehavior [ RunTime:0.000178s ]
INFO: [ app_begin ] --END-- [ RunTime:0.000193s ]
SQL: SHOW COLUMNS FROM `qs_sqk_sys_config_def` [ RunTime:0.0007s ]
SQL: SELECT * FROM `qs_sqk_sys_config_def`  [ RunTime:0.0003s ]
ERR: Call to undefined function Think\imagettftext()

[ 2018-04-13T11:18:26+08:00 ] 127.0.0.1 /index.php/Admin/login/verify_c.html
INFO: [ app_init ] --START--
INFO: Run Behavior\BuildLiteBehavior [ RunTime:0.000007s ]
INFO: [ app_init ] --END-- [ RunTime:0.000189s ]
INFO: [ app_begin ] --START--
INFO: Run Behavior\ReadHtmlCacheBehavior [ RunTime:0.000212s ]
INFO: [ app_begin ] --END-- [ RunTime:0.000244s ]
SQL: SHOW COLUMNS FROM `qs_sqk_sys_config_def` [ RunTime:0.0008s ]
SQL: SELECT * FROM `qs_sqk_sys_config_def`  [ RunTime:0.0002s ]
ERR: Call to undefined function Think\imagettftext()

[ 2018-04-13T11:18:27+08:00 ] 127.0.0.1 /index.php/Admin/login/verify_c.html
INFO: [ app_init ] --START--
INFO: Run Behavior\BuildLiteBehavior [ RunTime:0.000006s ]
INFO: [ app_init ] --END-- [ RunTime:0.000151s ]
INFO: [ app_begin ] --START--
INFO: Run Behavior\ReadHtmlCacheBehavior [ RunTime:0.000196s ]
INFO: [ app_begin ] --END-- [ RunTime:0.000210s ]
SQL: SHOW COLUMNS FROM `qs_sqk_sys_config_def` [ RunTime:0.0004s ]
SQL: SELECT * FROM `qs_sqk_sys_config_def`  [ RunTime:0.0002s ]
ERR: Call to undefined function Think\imagettftext()

[ 2018-04-13T11:18:28+08:00 ] 127.0.0.1 /index.php/Admin/login/verify_c.html
INFO: [ app_init ] --START--
INFO: Run Behavior\BuildLiteBehavior [ RunTime:0.000006s ]
INFO: [ app_init ] --END-- [ RunTime:0.000152s ]
INFO: [ app_begin ] --START--
INFO: Run Behavior\ReadHtmlCacheBehavior [ RunTime:0.000252s ]
INFO: [ app_begin ] --END-- [ RunTime:0.000266s ]
SQL: SHOW COLUMNS FROM `qs_sqk_sys_config_def` [ RunTime:0.0005s ]
SQL: SELECT * FROM `qs_sqk_sys_config_def`  [ RunTime:0.0002s ]
ERR: Call to undefined function Think\imagettftext()

[ 2018-04-13T11:18:34+08:00 ] 127.0.0.1 /index.php/Admin/login/verify_c.html
INFO: [ app_init ] --START--
INFO: Run Behavior\BuildLiteBehavior [ RunTime:0.000010s ]
INFO: [ app_init ] --END-- [ RunTime:0.000251s ]
INFO: [ app_begin ] --START--
INFO: Run Behavior\ReadHtmlCacheBehavior [ RunTime:0.000377s ]
INFO: [ app_begin ] --END-- [ RunTime:0.000397s ]
SQL: SHOW COLUMNS FROM `qs_sqk_sys_config_def` [ RunTime:0.0005s ]
SQL: SELECT * FROM `qs_sqk_sys_config_def`  [ RunTime:0.0002s ]
ERR: Call to undefined function Think\imagettftext()

[ 2018-04-13T11:30:35+08:00 ] 127.0.0.1 /index.php/Admin/login/verify_c.html
INFO: [ app_init ] --START--
INFO: Run Behavior\BuildLiteBehavior [ RunTime:0.000008s ]
INFO: [ app_init ] --END-- [ RunTime:0.000229s ]
INFO: [ app_begin ] --START--
INFO: Run Behavior\ReadHtmlCacheBehavior [ RunTime:0.000218s ]
INFO: [ app_begin ] --END-- [ RunTime:0.000234s ]
SQL: SHOW COLUMNS FROM `qs_sqk_sys_config_def` [ RunTime:0.0004s ]
SQL: SELECT * FROM `qs_sqk_sys_config_def`  [ RunTime:0.0002s ]
ERR: Call to undefined function Think\imagettftext()

[ 2018-04-13T12:06:00+08:00 ] 127.0.0.1 /index.php/Admin/login/verify_c.html
INFO: [ app_init ] --START--
INFO: Run Behavior\BuildLiteBehavior [ RunTime:0.000009s ]
INFO: [ app_init ] --END-- [ RunTime:0.000510s ]
INFO: [ app_begin ] --START--
INFO: Run Behavior\ReadHtmlCacheBehavior [ RunTime:0.000534s ]
INFO: [ app_begin ] --END-- [ RunTime:0.000557s ]
SQL: SHOW COLUMNS FROM `qs_sqk_sys_config_def` [ RunTime:0.0004s ]
SQL: SELECT * FROM `qs_sqk_sys_config_def`  [ RunTime:0.0002s ]
ERR: Call to undefined function Think\imagettftext()

[ 2018-04-13T12:08:41+08:00 ] 127.0.0.1 /index.php/Admin/login/verify_c.html
INFO: [ app_init ] --START--
INFO: Run Behavior\BuildLiteBehavior [ RunTime:0.000010s ]
INFO: [ app_init ] --END-- [ RunTime:0.000301s ]
INFO: [ app_begin ] --START--
INFO: Run Behavior\ReadHtmlCacheBehavior [ RunTime:0.000200s ]
INFO: [ app_begin ] --END-- [ RunTime:0.000214s ]
SQL: SHOW COLUMNS FROM `qs_sqk_sys_config_def` [ RunTime:0.0003s ]
SQL: SELECT * FROM `qs_sqk_sys_config_def`  [ RunTime:0.0002s ]
ERR: Call to undefined function Think\imagettftext()

[ 2018-04-13T12:08:47+08:00 ] 127.0.0.1 /index.php
INFO: [ app_init ] --START--
INFO: Run Behavior\BuildLiteBehavior [ RunTime:0.000008s ]
INFO: [ app_init ] --END-- [ RunTime:0.000179s ]
INFO: [ app_begin ] --START--
INFO: Run Behavior\ReadHtmlCacheBehavior [ RunTime:0.000285s ]
INFO: [ app_begin ] --END-- [ RunTime:0.000310s ]
SQL: SHOW COLUMNS FROM `qs_sqk_sys_config_def` [ RunTime:0.0005s ]
SQL: SELECT * FROM `qs_sqk_sys_config_def`  [ RunTime:0.0002s ]
NOTIC: [8] Undefined index: user_id /Users/zhangzhihui/wwwroot/qskj/sqk/Application/Admin/Controller/IndexController.class.php 第 29 行.

[ 2018-04-13T12:08:47+08:00 ] 127.0.0.1 /index.php/Admin/Login/login.html
INFO: [ app_init ] --START--
INFO: Run Behavior\BuildLiteBehavior [ RunTime:0.000005s ]
INFO: [ app_init ] --END-- [ RunTime:0.000146s ]
INFO: [ app_begin ] --START--
INFO: Run Behavior\ReadHtmlCacheBehavior [ RunTime:0.000194s ]
INFO: [ app_begin ] --END-- [ RunTime:0.000208s ]
SQL: SHOW COLUMNS FROM `qs_sqk_sys_config_def` [ RunTime:0.0005s ]
SQL: SELECT * FROM `qs_sqk_sys_config_def`  [ RunTime:0.0002s ]
INFO: [ view_parse ] --START--
INFO: [ template_filter ] --START--
INFO: Run Behavior\ContentReplaceBehavior [ RunTime:0.000037s ]
INFO: [ template_filter ] --END-- [ RunTime:0.000055s ]
INFO: Run Behavior\ParseTemplateBehavior [ RunTime:0.017059s ]
INFO: [ view_parse ] --END-- [ RunTime:0.017075s ]
INFO: [ view_filter ] --START--
INFO: Run Behavior\WriteHtmlCacheBehavior [ RunTime:0.000260s ]
INFO: [ view_filter ] --END-- [ RunTime:0.000275s ]
INFO: [ app_end ] --START--
INFO: Run Behavior\ShowPageTraceBehavior [ RunTime:0.000676s ]
INFO: [ app_end ] --END-- [ RunTime:0.000696s ]

[ 2018-04-13T12:08:48+08:00 ] 127.0.0.1 /index.php/Admin/login/verify_c.html
INFO: [ app_init ] --START--
INFO: Run Behavior\BuildLiteBehavior [ RunTime:0.000006s ]
INFO: [ app_init ] --END-- [ RunTime:0.000192s ]
INFO: [ app_begin ] --START--
INFO: Run Behavior\ReadHtmlCacheBehavior [ RunTime:0.000237s ]
INFO: [ app_begin ] --END-- [ RunTime:0.000254s ]
SQL: SHOW COLUMNS FROM `qs_sqk_sys_config_def` [ RunTime:0.0005s ]
SQL: SELECT * FROM `qs_sqk_sys_config_def`  [ RunTime:0.0001s ]
ERR: Call to undefined function Think\imagettftext()

[ 2018-04-13T12:08:48+08:00 ] 127.0.0.1 /index.php/admin/login/checkIsLogin
INFO: [ app_init ] --START--
INFO: Run Behavior\BuildLiteBehavior [ RunTime:0.000007s ]
INFO: [ app_init ] --END-- [ RunTime:0.000196s ]
INFO: [ app_begin ] --START--
INFO: Run Behavior\ReadHtmlCacheBehavior [ RunTime:0.000705s ]
INFO: [ app_begin ] --END-- [ RunTime:0.002488s ]
SQL: SHOW COLUMNS FROM `qs_sqk_sys_config_def` [ RunTime:0.0004s ]
SQL: SELECT * FROM `qs_sqk_sys_config_def`  [ RunTime:0.0002s ]
NOTIC: [8] Undefined variable: return /Users/zhangzhihui/wwwroot/qskj/sqk/Application/Admin/Controller/LoginController.class.php 第 71 行.

[ 2018-04-13T12:08:48+08:00 ] 127.0.0.1 /index.php/admin/SysPrivInfo/getPriviledges
INFO: [ app_init ] --START--
INFO: Run Behavior\BuildLiteBehavior [ RunTime:0.000009s ]
INFO: [ app_init ] --END-- [ RunTime:0.002656s ]
INFO: [ app_begin ] --START--
INFO: Run Behavior\ReadHtmlCacheBehavior [ RunTime:0.000243s ]
INFO: [ app_begin ] --END-- [ RunTime:0.000262s ]
SQL: SHOW COLUMNS FROM `qs_sqk_sys_config_def` [ RunTime:0.0004s ]
SQL: SELECT * FROM `qs_sqk_sys_config_def`  [ RunTime:0.0002s ]
SQL: SHOW COLUMNS FROM `qs_sqk_sys_priv_cat` [ RunTime:0.0004s ]
SQL: SHOW COLUMNS FROM `qs_sqk_sys_priv_info` [ RunTime:0.0004s ]
NOTIC: [8] Undefined index: user_id /Users/zhangzhihui/wwwroot/qskj/sqk/Application/Admin/Controller/SysPrivInfoController.class.php 第 108 行.
INFO: [ app_end ] --START--
INFO: Run Behavior\ShowPageTraceBehavior [ RunTime:0.000292s ]
INFO: [ app_end ] --END-- [ RunTime:0.000307s ]

[ 2018-04-13T12:10:12+08:00 ] 127.0.0.1 /index.php/Admin/Login/loginSys
INFO: [ app_init ] --START--
INFO: Run Behavior\BuildLiteBehavior [ RunTime:0.000006s ]
INFO: [ app_init ] --END-- [ RunTime:0.000148s ]
INFO: [ app_begin ] --START--
INFO: Run Behavior\ReadHtmlCacheBehavior [ RunTime:0.000197s ]
INFO: [ app_begin ] --END-- [ RunTime:0.000228s ]
SQL: SHOW COLUMNS FROM `qs_sqk_sys_config_def` [ RunTime:0.0004s ]
SQL: SELECT * FROM `qs_sqk_sys_config_def`  [ RunTime:0.0002s ]
SQL: SHOW COLUMNS FROM `qs_sqk_sys_user_info` [ RunTime:0.0006s ]
SQL: SELECT * FROM `qs_sqk_sys_user_info` WHERE ( binary usr="super" and pwd="592d510020d3eacdc3d5c89e2e148f7467de3e82" ) LIMIT 1   [ RunTime:0.0017s ]

[ 2018-04-13T12:10:14+08:00 ] 127.0.0.1 /index.php/Admin/Login/loginSys
INFO: [ app_init ] --START--
INFO: Run Behavior\BuildLiteBehavior [ RunTime:0.000008s ]
INFO: [ app_init ] --END-- [ RunTime:0.000352s ]
INFO: [ app_begin ] --START--
INFO: Run Behavior\ReadHtmlCacheBehavior [ RunTime:0.000245s ]
INFO: [ app_begin ] --END-- [ RunTime:0.000265s ]
SQL: SHOW COLUMNS FROM `qs_sqk_sys_config_def` [ RunTime:0.0006s ]
SQL: SELECT * FROM `qs_sqk_sys_config_def`  [ RunTime:0.0002s ]
SQL: SHOW COLUMNS FROM `qs_sqk_sys_user_info` [ RunTime:0.0006s ]
SQL: SELECT * FROM `qs_sqk_sys_user_info` WHERE ( binary usr="super" and pwd="592d510020d3eacdc3d5c89e2e148f7467de3e82" ) LIMIT 1   [ RunTime:0.0003s ]

[ 2018-04-13T12:10:15+08:00 ] 127.0.0.1 /index.php/Admin/Login/loginSys
INFO: [ app_init ] --START--
INFO: Run Behavior\BuildLiteBehavior [ RunTime:0.000012s ]
INFO: [ app_init ] --END-- [ RunTime:0.000202s ]
INFO: [ app_begin ] --START--
INFO: Run Behavior\ReadHtmlCacheBehavior [ RunTime:0.000196s ]
INFO: [ app_begin ] --END-- [ RunTime:0.000209s ]
SQL: SHOW COLUMNS FROM `qs_sqk_sys_config_def` [ RunTime:0.0004s ]
SQL: SELECT * FROM `qs_sqk_sys_config_def`  [ RunTime:0.0002s ]
SQL: SHOW COLUMNS FROM `qs_sqk_sys_user_info` [ RunTime:0.0004s ]
SQL: SELECT * FROM `qs_sqk_sys_user_info` WHERE ( binary usr="super" and pwd="592d510020d3eacdc3d5c89e2e148f7467de3e82" ) LIMIT 1   [ RunTime:0.0004s ]

[ 2018-04-13T12:10:17+08:00 ] 127.0.0.1 /index.php/Admin/Login/loginSys
INFO: [ app_init ] --START--
INFO: Run Behavior\BuildLiteBehavior [ RunTime:0.000006s ]
INFO: [ app_init ] --END-- [ RunTime:0.000151s ]
INFO: [ app_begin ] --START--
INFO: Run Behavior\ReadHtmlCacheBehavior [ RunTime:0.000195s ]
INFO: [ app_begin ] --END-- [ RunTime:0.000210s ]
SQL: SHOW COLUMNS FROM `qs_sqk_sys_config_def` [ RunTime:0.0005s ]
SQL: SELECT * FROM `qs_sqk_sys_config_def`  [ RunTime:0.0003s ]
SQL: SHOW COLUMNS FROM `qs_sqk_sys_user_info` [ RunTime:0.0006s ]
SQL: SELECT * FROM `qs_sqk_sys_user_info` WHERE ( binary usr="super" and pwd="592d510020d3eacdc3d5c89e2e148f7467de3e82" ) LIMIT 1   [ RunTime:0.0004s ]

[ 2018-04-13T12:10:17+08:00 ] 127.0.0.1 /index.php/Admin/Login/loginSys
INFO: [ app_init ] --START--
INFO: Run Behavior\BuildLiteBehavior [ RunTime:0.000005s ]
INFO: [ app_init ] --END-- [ RunTime:0.000135s ]
INFO: [ app_begin ] --START--
INFO: Run Behavior\ReadHtmlCacheBehavior [ RunTime:0.000171s ]
INFO: [ app_begin ] --END-- [ RunTime:0.000183s ]
SQL: SHOW COLUMNS FROM `qs_sqk_sys_config_def` [ RunTime:0.0004s ]
SQL: SELECT * FROM `qs_sqk_sys_config_def`  [ RunTime:0.0002s ]
SQL: SHOW COLUMNS FROM `qs_sqk_sys_user_info` [ RunTime:0.0005s ]
SQL: SELECT * FROM `qs_sqk_sys_user_info` WHERE ( binary usr="super" and pwd="592d510020d3eacdc3d5c89e2e148f7467de3e82" ) LIMIT 1   [ RunTime:0.0003s ]

[ 2018-04-13T12:10:18+08:00 ] 127.0.0.1 /index.php/Admin/Login/loginSys
INFO: [ app_init ] --START--
INFO: Run Behavior\BuildLiteBehavior [ RunTime:0.000007s ]
INFO: [ app_init ] --END-- [ RunTime:0.000186s ]
INFO: [ app_begin ] --START--
INFO: Run Behavior\ReadHtmlCacheBehavior [ RunTime:0.000240s ]
INFO: [ app_begin ] --END-- [ RunTime:0.000257s ]
SQL: SHOW COLUMNS FROM `qs_sqk_sys_config_def` [ RunTime:0.0005s ]
SQL: SELECT * FROM `qs_sqk_sys_config_def`  [ RunTime:0.0002s ]
SQL: SHOW COLUMNS FROM `qs_sqk_sys_user_info` [ RunTime:0.0007s ]
SQL: SELECT * FROM `qs_sqk_sys_user_info` WHERE ( binary usr="super" and pwd="592d510020d3eacdc3d5c89e2e148f7467de3e82" ) LIMIT 1   [ RunTime:0.0004s ]

[ 2018-04-13T12:10:21+08:00 ] 127.0.0.1 /index.php/Admin/Login/loginSys
INFO: [ app_init ] --START--
INFO: Run Behavior\BuildLiteBehavior [ RunTime:0.000007s ]
INFO: [ app_init ] --END-- [ RunTime:0.000169s ]
INFO: [ app_begin ] --START--
INFO: Run Behavior\ReadHtmlCacheBehavior [ RunTime:0.000271s ]
INFO: [ app_begin ] --END-- [ RunTime:0.000287s ]
SQL: SHOW COLUMNS FROM `qs_sqk_sys_config_def` [ RunTime:0.0004s ]
SQL: SELECT * FROM `qs_sqk_sys_config_def`  [ RunTime:0.0002s ]
SQL: SHOW COLUMNS FROM `qs_sqk_sys_user_info` [ RunTime:0.0005s ]
SQL: SELECT * FROM `qs_sqk_sys_user_info` WHERE ( binary usr="super" and pwd="592d510020d3eacdc3d5c89e2e148f7467de3e82" ) LIMIT 1   [ RunTime:0.0004s ]

[ 2018-04-13T12:11:14+08:00 ] 127.0.0.1 /index.php/Admin/Login/loginSys
INFO: [ app_init ] --START--
INFO: Run Behavior\BuildLiteBehavior [ RunTime:0.000047s ]
INFO: [ app_init ] --END-- [ RunTime:0.000704s ]
INFO: [ app_begin ] --START--
INFO: Run Behavior\ReadHtmlCacheBehavior [ RunTime:0.000346s ]
INFO: [ app_begin ] --END-- [ RunTime:0.000376s ]
SQL: SHOW COLUMNS FROM `qs_sqk_sys_config_def` [ RunTime:0.0004s ]
SQL: SELECT * FROM `qs_sqk_sys_config_def`  [ RunTime:0.0002s ]
SQL: SHOW COLUMNS FROM `qs_sqk_sys_user_info` [ RunTime:0.0007s ]
SQL: SELECT * FROM `qs_sqk_sys_user_info` WHERE ( binary usr="13521447597" and pwd="592d510020d3eacdc3d5c89e2e148f7467de3e82" ) LIMIT 1   [ RunTime:0.0005s ]

[ 2018-04-13T12:11:16+08:00 ] 127.0.0.1 /index.php/Admin/Login/loginSys
INFO: [ app_init ] --START--
INFO: Run Behavior\BuildLiteBehavior [ RunTime:0.000006s ]
INFO: [ app_init ] --END-- [ RunTime:0.000228s ]
INFO: [ app_begin ] --START--
INFO: Run Behavior\ReadHtmlCacheBehavior [ RunTime:0.000197s ]
INFO: [ app_begin ] --END-- [ RunTime:0.000210s ]
SQL: SHOW COLUMNS FROM `qs_sqk_sys_config_def` [ RunTime:0.0005s ]
SQL: SELECT * FROM `qs_sqk_sys_config_def`  [ RunTime:0.0002s ]
SQL: SHOW COLUMNS FROM `qs_sqk_sys_user_info` [ RunTime:0.0004s ]
SQL: SELECT * FROM `qs_sqk_sys_user_info` WHERE ( binary usr="13521447597" and pwd="592d510020d3eacdc3d5c89e2e148f7467de3e82" ) LIMIT 1   [ RunTime:0.0003s ]

[ 2018-04-13T12:11:17+08:00 ] 127.0.0.1 /index.php/Admin/Login/loginSys
INFO: [ app_init ] --START--
INFO: Run Behavior\BuildLiteBehavior [ RunTime:0.000008s ]
INFO: [ app_init ] --END-- [ RunTime:0.000174s ]
INFO: [ app_begin ] --START--
INFO: Run Behavior\ReadHtmlCacheBehavior [ RunTime:0.000426s ]
INFO: [ app_begin ] --END-- [ RunTime:0.000446s ]
SQL: SHOW COLUMNS FROM `qs_sqk_sys_config_def` [ RunTime:0.0004s ]
SQL: SELECT * FROM `qs_sqk_sys_config_def`  [ RunTime:0.0001s ]
SQL: SHOW COLUMNS FROM `qs_sqk_sys_user_info` [ RunTime:0.0006s ]
SQL: SELECT * FROM `qs_sqk_sys_user_info` WHERE ( binary usr="13521447597" and pwd="592d510020d3eacdc3d5c89e2e148f7467de3e82" ) LIMIT 1   [ RunTime:0.0003s ]

[ 2018-04-13T12:11:18+08:00 ] 127.0.0.1 /index.php/Admin/Login/loginSys
INFO: [ app_init ] --START--
INFO: Run Behavior\BuildLiteBehavior [ RunTime:0.000006s ]
INFO: [ app_init ] --END-- [ RunTime:0.000141s ]
INFO: [ app_begin ] --START--
INFO: Run Behavior\ReadHtmlCacheBehavior [ RunTime:0.000292s ]
INFO: [ app_begin ] --END-- [ RunTime:0.000319s ]
SQL: SHOW COLUMNS FROM `qs_sqk_sys_config_def` [ RunTime:0.0004s ]
SQL: SELECT * FROM `qs_sqk_sys_config_def`  [ RunTime:0.0003s ]
SQL: SHOW COLUMNS FROM `qs_sqk_sys_user_info` [ RunTime:0.0006s ]
SQL: SELECT * FROM `qs_sqk_sys_user_info` WHERE ( binary usr="13521447597" and pwd="592d510020d3eacdc3d5c89e2e148f7467de3e82" ) LIMIT 1   [ RunTime:0.0003s ]

[ 2018-04-13T12:11:19+08:00 ] 127.0.0.1 /index.php/Admin/Login/loginSys
INFO: [ app_init ] --START--
INFO: Run Behavior\BuildLiteBehavior [ RunTime:0.000005s ]
INFO: [ app_init ] --END-- [ RunTime:0.000147s ]
INFO: [ app_begin ] --START--
INFO: Run Behavior\ReadHtmlCacheBehavior [ RunTime:0.000281s ]
INFO: [ app_begin ] --END-- [ RunTime:0.000311s ]
SQL: SHOW COLUMNS FROM `qs_sqk_sys_config_def` [ RunTime:0.0004s ]
SQL: SELECT * FROM `qs_sqk_sys_config_def`  [ RunTime:0.0002s ]
SQL: SHOW COLUMNS FROM `qs_sqk_sys_user_info` [ RunTime:0.0005s ]
SQL: SELECT * FROM `qs_sqk_sys_user_info` WHERE ( binary usr="13521447597" and pwd="592d510020d3eacdc3d5c89e2e148f7467de3e82" ) LIMIT 1   [ RunTime:0.0004s ]

[ 2018-04-13T12:14:55+08:00 ] 127.0.0.1 /
INFO: [ app_init ] --START--
INFO: Run Behavior\BuildLiteBehavior [ RunTime:0.000006s ]
INFO: [ app_init ] --END-- [ RunTime:0.000153s ]
INFO: [ app_begin ] --START--
INFO: Run Behavior\ReadHtmlCacheBehavior [ RunTime:0.000195s ]
INFO: [ app_begin ] --END-- [ RunTime:0.000208s ]
SQL: SHOW COLUMNS FROM `qs_sqk_sys_config_def` [ RunTime:0.0005s ]
SQL: SELECT * FROM `qs_sqk_sys_config_def`  [ RunTime:0.0003s ]
NOTIC: [8] Undefined index: user_id /Users/zhangzhihui/wwwroot/qskj/sqk/Application/Admin/Controller/IndexController.class.php 第 29 行.

[ 2018-04-13T12:14:55+08:00 ] 127.0.0.1 /index.php/Admin/Login/login.html
INFO: [ app_init ] --START--
INFO: Run Behavior\BuildLiteBehavior [ RunTime:0.000006s ]
INFO: [ app_init ] --END-- [ RunTime:0.000148s ]
INFO: [ app_begin ] --START--
INFO: Run Behavior\ReadHtmlCacheBehavior [ RunTime:0.000203s ]
INFO: [ app_begin ] --END-- [ RunTime:0.000218s ]
SQL: SHOW COLUMNS FROM `qs_sqk_sys_config_def` [ RunTime:0.0003s ]
SQL: SELECT * FROM `qs_sqk_sys_config_def`  [ RunTime:0.0002s ]
INFO: [ view_parse ] --START--
INFO: [ template_filter ] --START--
INFO: Run Behavior\ContentReplaceBehavior [ RunTime:0.000019s ]
INFO: [ template_filter ] --END-- [ RunTime:0.000032s ]
INFO: Run Behavior\ParseTemplateBehavior [ RunTime:0.008561s ]
INFO: [ view_parse ] --END-- [ RunTime:0.008585s ]
INFO: [ view_filter ] --START--
INFO: Run Behavior\WriteHtmlCacheBehavior [ RunTime:0.000142s ]
INFO: [ view_filter ] --END-- [ RunTime:0.000160s ]
INFO: [ app_end ] --START--
INFO: Run Behavior\ShowPageTraceBehavior [ RunTime:0.000348s ]
INFO: [ app_end ] --END-- [ RunTime:0.000367s ]

[ 2018-04-13T12:14:55+08:00 ] 127.0.0.1 /index.php/Admin/login/verify_c.html
INFO: [ app_init ] --START--
INFO: Run Behavior\BuildLiteBehavior [ RunTime:0.000005s ]
INFO: [ app_init ] --END-- [ RunTime:0.000141s ]
INFO: [ app_begin ] --START--
INFO: Run Behavior\ReadHtmlCacheBehavior [ RunTime:0.000187s ]
INFO: [ app_begin ] --END-- [ RunTime:0.000200s ]
SQL: SHOW COLUMNS FROM `qs_sqk_sys_config_def` [ RunTime:0.0003s ]
SQL: SELECT * FROM `qs_sqk_sys_config_def`  [ RunTime:0.0002s ]
ERR: Call to undefined function Think\imagettftext()

[ 2018-04-13T12:14:55+08:00 ] 127.0.0.1 /index.php/admin/login/checkIsLogin
INFO: [ app_init ] --START--
INFO: Run Behavior\BuildLiteBehavior [ RunTime:0.000007s ]
INFO: [ app_init ] --END-- [ RunTime:0.000183s ]
INFO: [ app_begin ] --START--
INFO: Run Behavior\ReadHtmlCacheBehavior [ RunTime:0.000520s ]
INFO: [ app_begin ] --END-- [ RunTime:0.000544s ]
SQL: SHOW COLUMNS FROM `qs_sqk_sys_config_def` [ RunTime:0.0005s ]
SQL: SELECT * FROM `qs_sqk_sys_config_def`  [ RunTime:0.0004s ]
NOTIC: [8] Undefined variable: return /Users/zhangzhihui/wwwroot/qskj/sqk/Application/Admin/Controller/LoginController.class.php 第 71 行.

[ 2018-04-13T12:14:55+08:00 ] 127.0.0.1 /index.php/admin/SysPrivInfo/getPriviledges
INFO: [ app_init ] --START--
INFO: Run Behavior\BuildLiteBehavior [ RunTime:0.000007s ]
INFO: [ app_init ] --END-- [ RunTime:0.000636s ]
INFO: [ app_begin ] --START--
INFO: Run Behavior\ReadHtmlCacheBehavior [ RunTime:0.000276s ]
INFO: [ app_begin ] --END-- [ RunTime:0.000295s ]
SQL: SHOW COLUMNS FROM `qs_sqk_sys_config_def` [ RunTime:0.0005s ]
SQL: SELECT * FROM `qs_sqk_sys_config_def`  [ RunTime:0.0002s ]
SQL: SHOW COLUMNS FROM `qs_sqk_sys_priv_cat` [ RunTime:0.0006s ]
SQL: SHOW COLUMNS FROM `qs_sqk_sys_priv_info` [ RunTime:0.0005s ]
NOTIC: [8] Undefined index: user_id /Users/zhangzhihui/wwwroot/qskj/sqk/Application/Admin/Controller/SysPrivInfoController.class.php 第 108 行.
INFO: [ app_end ] --START--
INFO: Run Behavior\ShowPageTraceBehavior [ RunTime:0.000367s ]
INFO: [ app_end ] --END-- [ RunTime:0.000382s ]

[ 2018-04-13T12:15:07+08:00 ] 127.0.0.1 /index.php/Admin/Login/loginSys
INFO: [ app_init ] --START--
INFO: Run Behavior\BuildLiteBehavior [ RunTime:0.000005s ]
INFO: [ app_init ] --END-- [ RunTime:0.000154s ]
INFO: [ app_begin ] --START--
INFO: Run Behavior\ReadHtmlCacheBehavior [ RunTime:0.000202s ]
INFO: [ app_begin ] --END-- [ RunTime:0.000217s ]
SQL: SHOW COLUMNS FROM `qs_sqk_sys_config_def` [ RunTime:0.0004s ]
SQL: SELECT * FROM `qs_sqk_sys_config_def`  [ RunTime:0.0002s ]
SQL: SHOW COLUMNS FROM `qs_sqk_sys_user_info` [ RunTime:0.0004s ]
SQL: SELECT * FROM `qs_sqk_sys_user_info` WHERE ( binary usr="13521447597" and pwd="592d510020d3eacdc3d5c89e2e148f7467de3e82" ) LIMIT 1   [ RunTime:0.0003s ]

[ 2018-04-13T12:15:42+08:00 ] 127.0.0.1 /index.php/Admin/Login/login.html
INFO: [ app_init ] --START--
INFO: Run Behavior\BuildLiteBehavior [ RunTime:0.000005s ]
INFO: [ app_init ] --END-- [ RunTime:0.000149s ]
INFO: [ app_begin ] --START--
INFO: Run Behavior\ReadHtmlCacheBehavior [ RunTime:0.000282s ]
INFO: [ app_begin ] --END-- [ RunTime:0.000298s ]
SQL: SHOW COLUMNS FROM `qs_sqk_sys_config_def` [ RunTime:0.0004s ]
SQL: SELECT * FROM `qs_sqk_sys_config_def`  [ RunTime:0.0002s ]
INFO: [ view_parse ] --START--
INFO: [ template_filter ] --START--
INFO: Run Behavior\ContentReplaceBehavior [ RunTime:0.000023s ]
INFO: [ template_filter ] --END-- [ RunTime:0.000040s ]
INFO: Run Behavior\ParseTemplateBehavior [ RunTime:0.003061s ]
INFO: [ view_parse ] --END-- [ RunTime:0.003081s ]
INFO: [ view_filter ] --START--
INFO: Run Behavior\WriteHtmlCacheBehavior [ RunTime:0.000164s ]
INFO: [ view_filter ] --END-- [ RunTime:0.000177s ]
INFO: [ app_end ] --START--
INFO: Run Behavior\ShowPageTraceBehavior [ RunTime:0.000271s ]
INFO: [ app_end ] --END-- [ RunTime:0.000286s ]

[ 2018-04-13T12:15:42+08:00 ] 127.0.0.1 /index.php/Admin/login/verify_c.html
INFO: [ app_init ] --START--
INFO: Run Behavior\BuildLiteBehavior [ RunTime:0.000005s ]
INFO: [ app_init ] --END-- [ RunTime:0.000133s ]
INFO: [ app_begin ] --START--
INFO: Run Behavior\ReadHtmlCacheBehavior [ RunTime:0.000179s ]
INFO: [ app_begin ] --END-- [ RunTime:0.000194s ]
SQL: SHOW COLUMNS FROM `qs_sqk_sys_config_def` [ RunTime:0.0003s ]
SQL: SELECT * FROM `qs_sqk_sys_config_def`  [ RunTime:0.0001s ]
ERR: Call to undefined function Think\imagettftext()

[ 2018-04-13T12:15:42+08:00 ] 127.0.0.1 /index.php/admin/SysPrivInfo/getPriviledges
INFO: [ app_init ] --START--
INFO: Run Behavior\BuildLiteBehavior [ RunTime:0.000005s ]
INFO: [ app_init ] --END-- [ RunTime:0.000132s ]
INFO: [ app_begin ] --START--
INFO: Run Behavior\ReadHtmlCacheBehavior [ RunTime:0.000173s ]
INFO: [ app_begin ] --END-- [ RunTime:0.000185s ]
SQL: SHOW COLUMNS FROM `qs_sqk_sys_config_def` [ RunTime:0.0003s ]
SQL: SELECT * FROM `qs_sqk_sys_config_def`  [ RunTime:0.0002s ]
SQL: SHOW COLUMNS FROM `qs_sqk_sys_priv_cat` [ RunTime:0.0005s ]
SQL: SHOW COLUMNS FROM `qs_sqk_sys_priv_info` [ RunTime:0.0004s ]
NOTIC: [8] Undefined index: user_id /Users/zhangzhihui/wwwroot/qskj/sqk/Application/Admin/Controller/SysPrivInfoController.class.php 第 108 行.
INFO: [ app_end ] --START--
INFO: Run Behavior\ShowPageTraceBehavior [ RunTime:0.000313s ]
INFO: [ app_end ] --END-- [ RunTime:0.000327s ]

[ 2018-04-13T12:15:42+08:00 ] 127.0.0.1 /index.php/admin/login/checkIsLogin
INFO: [ app_init ] --START--
INFO: Run Behavior\BuildLiteBehavior [ RunTime:0.000006s ]
INFO: [ app_init ] --END-- [ RunTime:0.000194s ]
INFO: [ app_begin ] --START--
INFO: Run Behavior\ReadHtmlCacheBehavior [ RunTime:0.000252s ]
INFO: [ app_begin ] --END-- [ RunTime:0.000269s ]
SQL: SHOW COLUMNS FROM `qs_sqk_sys_config_def` [ RunTime:0.0005s ]
SQL: SELECT * FROM `qs_sqk_sys_config_def`  [ RunTime:0.0002s ]
NOTIC: [8] Undefined variable: return /Users/zhangzhihui/wwwroot/qskj/sqk/Application/Admin/Controller/LoginController.class.php 第 71 行.

[ 2018-04-13T12:15:48+08:00 ] 127.0.0.1 /index.php/Admin/Login/loginSys
INFO: [ app_init ] --START--
INFO: Run Behavior\BuildLiteBehavior [ RunTime:0.000005s ]
INFO: [ app_init ] --END-- [ RunTime:0.000152s ]
INFO: [ app_begin ] --START--
INFO: Run Behavior\ReadHtmlCacheBehavior [ RunTime:0.000195s ]
INFO: [ app_begin ] --END-- [ RunTime:0.000210s ]
SQL: SHOW COLUMNS FROM `qs_sqk_sys_config_def` [ RunTime:0.0006s ]
SQL: SELECT * FROM `qs_sqk_sys_config_def`  [ RunTime:0.0003s ]
SQL: SHOW COLUMNS FROM `qs_sqk_sys_user_info` [ RunTime:0.0005s ]
SQL: SELECT * FROM `qs_sqk_sys_user_info` WHERE ( binary usr="13521447597" and pwd="592d510020d3eacdc3d5c89e2e148f7467de3e82" ) LIMIT 1   [ RunTime:0.0003s ]

[ 2018-04-13T12:16:37+08:00 ] 127.0.0.1 /index.php/Admin/Login/login.html
INFO: [ app_init ] --START--
INFO: Run Behavior\BuildLiteBehavior [ RunTime:0.000009s ]
INFO: [ app_init ] --END-- [ RunTime:0.000252s ]
INFO: [ app_begin ] --START--
INFO: Run Behavior\ReadHtmlCacheBehavior [ RunTime:0.000235s ]
INFO: [ app_begin ] --END-- [ RunTime:0.000251s ]
SQL: SHOW COLUMNS FROM `qs_sqk_sys_config_def` [ RunTime:0.0007s ]
SQL: SELECT * FROM `qs_sqk_sys_config_def`  [ RunTime:0.0002s ]
INFO: [ view_parse ] --START--
INFO: [ template_filter ] --START--
INFO: Run Behavior\ContentReplaceBehavior [ RunTime:0.000032s ]
INFO: [ template_filter ] --END-- [ RunTime:0.000047s ]
INFO: Run Behavior\ParseTemplateBehavior [ RunTime:0.003191s ]
INFO: [ view_parse ] --END-- [ RunTime:0.003207s ]
INFO: [ view_filter ] --START--
INFO: Run Behavior\WriteHtmlCacheBehavior [ RunTime:0.000086s ]
INFO: [ view_filter ] --END-- [ RunTime:0.000096s ]
INFO: [ app_end ] --START--
INFO: Run Behavior\ShowPageTraceBehavior [ RunTime:0.000244s ]
INFO: [ app_end ] --END-- [ RunTime:0.000255s ]

[ 2018-04-13T12:16:37+08:00 ] 127.0.0.1 /index.php/Admin/login/verify_c.html
INFO: [ app_init ] --START--
INFO: Run Behavior\BuildLiteBehavior [ RunTime:0.000006s ]
INFO: [ app_init ] --END-- [ RunTime:0.000163s ]
INFO: [ app_begin ] --START--
INFO: Run Behavior\ReadHtmlCacheBehavior [ RunTime:0.000205s ]
INFO: [ app_begin ] --END-- [ RunTime:0.000220s ]
SQL: SHOW COLUMNS FROM `qs_sqk_sys_config_def` [ RunTime:0.0006s ]
SQL: SELECT * FROM `qs_sqk_sys_config_def`  [ RunTime:0.0002s ]
ERR: Call to undefined function Think\imagettftext()

[ 2018-04-13T12:16:37+08:00 ] 127.0.0.1 /index.php/admin/SysPrivInfo/getPriviledges
INFO: [ app_init ] --START--
INFO: Run Behavior\BuildLiteBehavior [ RunTime:0.000008s ]
INFO: [ app_init ] --END-- [ RunTime:0.000215s ]
INFO: [ app_begin ] --START--
INFO: Run Behavior\ReadHtmlCacheBehavior [ RunTime:0.000710s ]
INFO: [ app_begin ] --END-- [ RunTime:0.000732s ]
SQL: SHOW COLUMNS FROM `qs_sqk_sys_config_def` [ RunTime:0.0007s ]
SQL: SELECT * FROM `qs_sqk_sys_config_def`  [ RunTime:0.0002s ]
SQL: SHOW COLUMNS FROM `qs_sqk_sys_priv_cat` [ RunTime:0.0005s ]
SQL: SHOW COLUMNS FROM `qs_sqk_sys_priv_info` [ RunTime:0.0004s ]
NOTIC: [8] Undefined index: user_id /Users/zhangzhihui/wwwroot/qskj/sqk/Application/Admin/Controller/SysPrivInfoController.class.php 第 108 行.
INFO: [ app_end ] --START--
INFO: Run Behavior\ShowPageTraceBehavior [ RunTime:0.000480s ]
INFO: [ app_end ] --END-- [ RunTime:0.000498s ]

[ 2018-04-13T12:16:37+08:00 ] 127.0.0.1 /index.php/admin/login/checkIsLogin
INFO: [ app_init ] --START--
INFO: Run Behavior\BuildLiteBehavior [ RunTime:0.000057s ]
INFO: [ app_init ] --END-- [ RunTime:0.000412s ]
INFO: [ app_begin ] --START--
INFO: Run Behavior\ReadHtmlCacheBehavior [ RunTime:0.000256s ]
INFO: [ app_begin ] --END-- [ RunTime:0.000275s ]
SQL: SHOW COLUMNS FROM `qs_sqk_sys_config_def` [ RunTime:0.0006s ]
SQL: SELECT * FROM `qs_sqk_sys_config_def`  [ RunTime:0.0003s ]
NOTIC: [8] Undefined variable: return /Users/zhangzhihui/wwwroot/qskj/sqk/Application/Admin/Controller/LoginController.class.php 第 71 行.

[ 2018-04-13T12:16:42+08:00 ] 127.0.0.1 /index.php/Admin/Login/loginSys
INFO: [ app_init ] --START--
INFO: Run Behavior\BuildLiteBehavior [ RunTime:0.000005s ]
INFO: [ app_init ] --END-- [ RunTime:0.000148s ]
INFO: [ app_begin ] --START--
INFO: Run Behavior\ReadHtmlCacheBehavior [ RunTime:0.000193s ]
INFO: [ app_begin ] --END-- [ RunTime:0.000207s ]
SQL: SHOW COLUMNS FROM `qs_sqk_sys_config_def` [ RunTime:0.0004s ]
SQL: SELECT * FROM `qs_sqk_sys_config_def`  [ RunTime:0.0002s ]
SQL: SHOW COLUMNS FROM `qs_sqk_sys_user_info` [ RunTime:0.0004s ]
SQL: SELECT * FROM `qs_sqk_sys_user_info` WHERE ( binary usr="13521447597" and pwd="592d510020d3eacdc3d5c89e2e148f7467de3e82" ) LIMIT 1   [ RunTime:0.0003s ]
NOTIC: [2] Declaration of Admin\Controller\SysUserInfoController::getData() should be compatible with Admin\Controller\BaseDBController::getData($model, $id) /Users/zhangzhihui/wwwroot/qskj/sqk/Application/Admin/Controller/SysUserInfoController.class.php 第 14 行.
SQL: SELECT * FROM `qs_sqk_sys_config_def`  [ RunTime:0.0002s ]
SQL: SHOW COLUMNS FROM `qs_sqk_sys_user_group` [ RunTime:0.0005s ]
SQL: SHOW COLUMNS FROM `qs_sqk_sys_user_info` [ RunTime:0.0004s ]
SQL: SHOW COLUMNS FROM `qs_sqk_sys_priv_cat` [ RunTime:0.0004s ]
SQL: SHOW COLUMNS FROM `qs_sqk_sys_priv_info` [ RunTime:0.0003s ]
SQL: SHOW COLUMNS FROM `qs_sqk_seller_info` [ RunTime:0.0005s ]
SQL: SHOW COLUMNS FROM `qs_sqk_seller_order_info` [ RunTime:0.0004s ]
SQL: SHOW COLUMNS FROM `qs_sqk_sys_user_group` [ RunTime:0.0003s ]
SQL: SELECT * FROM `qs_sqk_sys_user_group` WHERE ( id=10 ) LIMIT 1   [ RunTime:0.0011s ]

