[ 2018-04-04T17:17:37+08:00 ] 111.204.78.42 /index.php/Appm/index/index
INFO: [ app_init ] --START--
INFO: Run Behavior\BuildLiteBehavior [ RunTime:0.000034s ]
INFO: [ app_init ] --END-- [ RunTime:0.000810s ]
INFO: [ app_begin ] --START--
INFO: Run Behavior\ReadHtmlCacheBehavior [ RunTime:0.000956s ]
INFO: [ app_begin ] --END-- [ RunTime:0.001111s ]
NOTIC: [8] Undefined index: user_id E:\wamp\www\qs_sqk_debug\sqk\Application\Appm\Controller\IndexController.class.php 第 23 行.

[ 2018-04-04T17:17:37+08:00 ] 111.204.78.42 /index.php/Appm/Login/index.html
INFO: [ app_init ] --START--
INFO: Run Behavior\BuildLiteBehavior [ RunTime:0.000025s ]
INFO: [ app_init ] --END-- [ RunTime:0.000517s ]
INFO: [ app_begin ] --START--
INFO: Run Behavior\ReadHtmlCacheBehavior [ RunTime:0.000762s ]
INFO: [ app_begin ] --END-- [ RunTime:0.000893s ]
NOTIC: [2] Missing argument 1 for Think\Controller::assign(), called in E:\wamp\www\qs_sqk_debug\sqk\Application\Appm\Controller\LoginController.class.php on line 25 and defined E:\wamp\www\qs_sqk_debug\sqk\ThinkPHP\Library\Think\Controller.class.php 第 121 行.
NOTIC: [8] Undefined variable: name E:\wamp\www\qs_sqk_debug\sqk\ThinkPHP\Library\Think\Controller.class.php 第 122 行.
INFO: [ view_parse ] --START--
INFO: [ template_filter ] --START--
INFO: Run Behavior\ContentReplaceBehavior [ RunTime:0.000063s ]
INFO: [ template_filter ] --END-- [ RunTime:0.000171s ]
INFO: Run Behavior\ParseTemplateBehavior [ RunTime:0.030280s ]
INFO: [ view_parse ] --END-- [ RunTime:0.030408s ]
INFO: [ view_filter ] --START--
INFO: Run Behavior\WriteHtmlCacheBehavior [ RunTime:0.000603s ]
INFO: [ view_filter ] --END-- [ RunTime:0.000708s ]
INFO: [ app_end ] --START--
INFO: Run Behavior\ShowPageTraceBehavior [ RunTime:0.000700s ]
INFO: [ app_end ] --END-- [ RunTime:0.000825s ]

[ 2018-04-04T17:17:56+08:00 ] 111.204.78.42 /index.php/Appm/Login/login
INFO: [ app_init ] --START--
INFO: Run Behavior\BuildLiteBehavior [ RunTime:0.000024s ]
INFO: [ app_init ] --END-- [ RunTime:0.000509s ]
INFO: [ app_begin ] --START--
INFO: Run Behavior\ReadHtmlCacheBehavior [ RunTime:0.000965s ]
INFO: [ app_begin ] --END-- [ RunTime:0.001063s ]
SQL: SHOW COLUMNS FROM `qs_sqk_sys_user_info` [ RunTime:0.0062s ]
ERR: 1146:La table 'qs_sqk_db_debug.qs_gryj_sys_user_group' n'existe pas
 [ SQL语句 ] : SELECT u.id,u.usr,u.pwd,u.pwd,g.sys_name FROM `qs_sqk_sys_user_info` u left join qs_gryj_sys_user_group g on u.cat_id=g.id  WHERE ( binary u.usr="zxw" and u.pwd="592d510020d3eacdc3d5c89e2e148f7467de3e82" and g.sys_name="appUser" ) LIMIT 1  
ERR: 1146:La table 'qs_sqk_db_debug.qs_gryj_sys_user_group' n'existe pas
 [ SQL语句 ] : SELECT u.id,u.usr,u.pwd,u.pwd,g.sys_name FROM `qs_sqk_sys_user_info` u left join qs_gryj_sys_user_group g on u.cat_id=g.id  WHERE ( binary u.usr="zxw" and u.pwd="592d510020d3eacdc3d5c89e2e148f7467de3e82" and g.sys_name="appUser" ) LIMIT 1  

[ 2018-04-04T17:17:59+08:00 ] 111.204.78.42 /index.php/Appm/Login/login
INFO: [ app_init ] --START--
INFO: Run Behavior\BuildLiteBehavior [ RunTime:0.000025s ]
INFO: [ app_init ] --END-- [ RunTime:0.000613s ]
INFO: [ app_begin ] --START--
INFO: Run Behavior\ReadHtmlCacheBehavior [ RunTime:0.000959s ]
INFO: [ app_begin ] --END-- [ RunTime:0.001053s ]
SQL: SHOW COLUMNS FROM `qs_sqk_sys_user_info` [ RunTime:0.0060s ]
ERR: 1146:La table 'qs_sqk_db_debug.qs_gryj_sys_user_group' n'existe pas
 [ SQL语句 ] : SELECT u.id,u.usr,u.pwd,u.pwd,g.sys_name FROM `qs_sqk_sys_user_info` u left join qs_gryj_sys_user_group g on u.cat_id=g.id  WHERE ( binary u.usr="zxw" and u.pwd="592d510020d3eacdc3d5c89e2e148f7467de3e82" and g.sys_name="appUser" ) LIMIT 1  
ERR: 1146:La table 'qs_sqk_db_debug.qs_gryj_sys_user_group' n'existe pas
 [ SQL语句 ] : SELECT u.id,u.usr,u.pwd,u.pwd,g.sys_name FROM `qs_sqk_sys_user_info` u left join qs_gryj_sys_user_group g on u.cat_id=g.id  WHERE ( binary u.usr="zxw" and u.pwd="592d510020d3eacdc3d5c89e2e148f7467de3e82" and g.sys_name="appUser" ) LIMIT 1  

[ 2018-04-04T17:18:00+08:00 ] 111.204.78.42 /index.php/Appm/Login/login
INFO: [ app_init ] --START--
INFO: Run Behavior\BuildLiteBehavior [ RunTime:0.000026s ]
INFO: [ app_init ] --END-- [ RunTime:0.000504s ]
INFO: [ app_begin ] --START--
INFO: Run Behavior\ReadHtmlCacheBehavior [ RunTime:0.001023s ]
INFO: [ app_begin ] --END-- [ RunTime:0.001120s ]
SQL: SHOW COLUMNS FROM `qs_sqk_sys_user_info` [ RunTime:0.0060s ]
ERR: 1146:La table 'qs_sqk_db_debug.qs_gryj_sys_user_group' n'existe pas
 [ SQL语句 ] : SELECT u.id,u.usr,u.pwd,u.pwd,g.sys_name FROM `qs_sqk_sys_user_info` u left join qs_gryj_sys_user_group g on u.cat_id=g.id  WHERE ( binary u.usr="zxw" and u.pwd="592d510020d3eacdc3d5c89e2e148f7467de3e82" and g.sys_name="appUser" ) LIMIT 1  
ERR: 1146:La table 'qs_sqk_db_debug.qs_gryj_sys_user_group' n'existe pas
 [ SQL语句 ] : SELECT u.id,u.usr,u.pwd,u.pwd,g.sys_name FROM `qs_sqk_sys_user_info` u left join qs_gryj_sys_user_group g on u.cat_id=g.id  WHERE ( binary u.usr="zxw" and u.pwd="592d510020d3eacdc3d5c89e2e148f7467de3e82" and g.sys_name="appUser" ) LIMIT 1  

